<?xml version="1.0" encoding="UTF-8"?>
<testng-results skipped="0" failed="0" total="180" passed="180">
  <reporter-output>
  </reporter-output>
  <suite name="Simple Set" duration-ms="278" started-at="2016-09-16T14:14:01Z" finished-at="2016-09-16T14:14:01Z">
    <groups>
    </groups>
    <test name="ArraySet" duration-ms="278" started-at="2016-09-16T14:14:01Z" finished-at="2016-09-16T14:14:01Z">
      <class name="TestSimpleSet_ABC_addB_ABC">
        <test-method status="PASS" signature="testAdd_A()[pri:0, instance:TestSimpleSet_ABC_addB_ABC@51081592]" name="testAdd_A" duration-ms="0" started-at="2016-09-16T08:14:01Z" finished-at="2016-09-16T08:14:01Z">
          <reporter-output>
          </reporter-output>
        </test-method> <!-- testAdd_A -->
        <test-method status="PASS" signature="initializeSet()[pri:0, instance:TestSimpleSet_ABC_addB_ABC@51081592]" name="initializeSet" is-config="true" duration-ms="0" started-at="2016-09-16T08:14:01Z" finished-at="2016-09-16T08:14:01Z">
          <reporter-output>
          </reporter-output>
        </test-method> <!-- initializeSet -->
        <test-method status="PASS" signature="initializeSet()[pri:0, instance:TestSimpleSet_ABC_addB_ABC@51081592]" name="initializeSet" is-config="true" duration-ms="0" started-at="2016-09-16T08:14:01Z" finished-at="2016-09-16T08:14:01Z">
          <reporter-output>
          </reporter-output>
        </test-method> <!-- initializeSet -->
        <test-method status="PASS" signature="testAdd_B()[pri:0, instance:TestSimpleSet_ABC_addB_ABC@51081592]" name="testAdd_B" duration-ms="1" started-at="2016-09-16T08:14:01Z" finished-at="2016-09-16T08:14:01Z">
          <reporter-output>
          </reporter-output>
        </test-method> <!-- testAdd_B -->
        <test-method status="PASS" signature="testAdd_C()[pri:0, instance:TestSimpleSet_ABC_addB_ABC@51081592]" name="testAdd_C" duration-ms="1" started-at="2016-09-16T08:14:01Z" finished-at="2016-09-16T08:14:01Z">
          <reporter-output>
          </reporter-output>
        </test-method> <!-- testAdd_C -->
        <test-method status="PASS" signature="initializeSet()[pri:0, instance:TestSimpleSet_ABC_addB_ABC@51081592]" name="initializeSet" is-config="true" duration-ms="0" started-at="2016-09-16T08:14:01Z" finished-at="2016-09-16T08:14:01Z">
          <reporter-output>
          </reporter-output>
        </test-method> <!-- initializeSet -->
        <test-method status="PASS" signature="testAdd_D()[pri:0, instance:TestSimpleSet_ABC_addB_ABC@51081592]" name="testAdd_D" duration-ms="1" started-at="2016-09-16T08:14:01Z" finished-at="2016-09-16T08:14:01Z">
          <reporter-output>
          </reporter-output>
        </test-method> <!-- testAdd_D -->
        <test-method status="PASS" signature="initializeSet()[pri:0, instance:TestSimpleSet_ABC_addB_ABC@51081592]" name="initializeSet" is-config="true" duration-ms="0" started-at="2016-09-16T08:14:01Z" finished-at="2016-09-16T08:14:01Z">
          <reporter-output>
          </reporter-output>
        </test-method> <!-- initializeSet -->
        <test-method status="PASS" signature="initializeSet()[pri:0, instance:TestSimpleSet_ABC_addB_ABC@51081592]" name="initializeSet" is-config="true" duration-ms="0" started-at="2016-09-16T08:14:01Z" finished-at="2016-09-16T08:14:01Z">
          <reporter-output>
          </reporter-output>
        </test-method> <!-- initializeSet -->
        <test-method status="PASS" signature="testContains_A()[pri:0, instance:TestSimpleSet_ABC_addB_ABC@51081592]" name="testContains_A" duration-ms="0" started-at="2016-09-16T08:14:01Z" finished-at="2016-09-16T08:14:01Z">
          <reporter-output>
          </reporter-output>
        </test-method> <!-- testContains_A -->
        <test-method status="PASS" signature="testContains_B()[pri:0, instance:TestSimpleSet_ABC_addB_ABC@51081592]" name="testContains_B" duration-ms="0" started-at="2016-09-16T08:14:01Z" finished-at="2016-09-16T08:14:01Z">
          <reporter-output>
          </reporter-output>
        </test-method> <!-- testContains_B -->
        <test-method status="PASS" signature="initializeSet()[pri:0, instance:TestSimpleSet_ABC_addB_ABC@51081592]" name="initializeSet" is-config="true" duration-ms="0" started-at="2016-09-16T08:14:01Z" finished-at="2016-09-16T08:14:01Z">
          <reporter-output>
          </reporter-output>
        </test-method> <!-- initializeSet -->
        <test-method status="PASS" signature="initializeSet()[pri:0, instance:TestSimpleSet_ABC_addB_ABC@51081592]" name="initializeSet" is-config="true" duration-ms="0" started-at="2016-09-16T08:14:01Z" finished-at="2016-09-16T08:14:01Z">
          <reporter-output>
          </reporter-output>
        </test-method> <!-- initializeSet -->
        <test-method status="PASS" signature="testContains_C()[pri:0, instance:TestSimpleSet_ABC_addB_ABC@51081592]" name="testContains_C" duration-ms="1" started-at="2016-09-16T08:14:01Z" finished-at="2016-09-16T08:14:01Z">
          <reporter-output>
          </reporter-output>
        </test-method> <!-- testContains_C -->
        <test-method status="PASS" signature="testContains_D()[pri:0, instance:TestSimpleSet_ABC_addB_ABC@51081592]" name="testContains_D" duration-ms="1" started-at="2016-09-16T08:14:01Z" finished-at="2016-09-16T08:14:01Z">
          <reporter-output>
          </reporter-output>
        </test-method> <!-- testContains_D -->
        <test-method status="PASS" signature="initializeSet()[pri:0, instance:TestSimpleSet_ABC_addB_ABC@51081592]" name="initializeSet" is-config="true" duration-ms="0" started-at="2016-09-16T08:14:01Z" finished-at="2016-09-16T08:14:01Z">
          <reporter-output>
          </reporter-output>
        </test-method> <!-- initializeSet -->
        <test-method status="PASS" signature="initializeSet()[pri:0, instance:TestSimpleSet_ABC_addB_ABC@51081592]" name="initializeSet" is-config="true" duration-ms="0" started-at="2016-09-16T08:14:01Z" finished-at="2016-09-16T08:14:01Z">
          <reporter-output>
          </reporter-output>
        </test-method> <!-- initializeSet -->
        <test-method status="PASS" signature="initializeSet()[pri:0, instance:TestSimpleSet_ABC_addB_ABC@51081592]" name="initializeSet" is-config="true" duration-ms="1" started-at="2016-09-16T08:14:01Z" finished-at="2016-09-16T08:14:01Z">
          <reporter-output>
          </reporter-output>
        </test-method> <!-- initializeSet -->
        <test-method status="PASS" signature="testIsEmpty()[pri:0, instance:TestSimpleSet_ABC_addB_ABC@51081592]" name="testIsEmpty" duration-ms="0" started-at="2016-09-16T08:14:01Z" finished-at="2016-09-16T08:14:01Z">
          <reporter-output>
          </reporter-output>
        </test-method> <!-- testIsEmpty -->
        <test-method status="PASS" signature="testRemove_A()[pri:0, instance:TestSimpleSet_ABC_addB_ABC@51081592]" name="testRemove_A" duration-ms="0" started-at="2016-09-16T08:14:01Z" finished-at="2016-09-16T08:14:01Z">
          <reporter-output>
          </reporter-output>
        </test-method> <!-- testRemove_A -->
        <test-method status="PASS" signature="testRemove_B()[pri:0, instance:TestSimpleSet_ABC_addB_ABC@51081592]" name="testRemove_B" duration-ms="1" started-at="2016-09-16T08:14:01Z" finished-at="2016-09-16T08:14:01Z">
          <reporter-output>
          </reporter-output>
        </test-method> <!-- testRemove_B -->
        <test-method status="PASS" signature="initializeSet()[pri:0, instance:TestSimpleSet_ABC_addB_ABC@51081592]" name="initializeSet" is-config="true" duration-ms="0" started-at="2016-09-16T08:14:01Z" finished-at="2016-09-16T08:14:01Z">
          <reporter-output>
          </reporter-output>
        </test-method> <!-- initializeSet -->
        <test-method status="PASS" signature="initializeSet()[pri:0, instance:TestSimpleSet_ABC_addB_ABC@51081592]" name="initializeSet" is-config="true" duration-ms="0" started-at="2016-09-16T08:14:01Z" finished-at="2016-09-16T08:14:01Z">
          <reporter-output>
          </reporter-output>
        </test-method> <!-- initializeSet -->
        <test-method status="PASS" signature="testRemove_C()[pri:0, instance:TestSimpleSet_ABC_addB_ABC@51081592]" name="testRemove_C" duration-ms="1" started-at="2016-09-16T08:14:01Z" finished-at="2016-09-16T08:14:01Z">
          <reporter-output>
          </reporter-output>
        </test-method> <!-- testRemove_C -->
        <test-method status="PASS" signature="initializeSet()[pri:0, instance:TestSimpleSet_ABC_addB_ABC@51081592]" name="initializeSet" is-config="true" duration-ms="0" started-at="2016-09-16T08:14:01Z" finished-at="2016-09-16T08:14:01Z">
          <reporter-output>
          </reporter-output>
        </test-method> <!-- initializeSet -->
        <test-method status="PASS" signature="testRemove_D()[pri:0, instance:TestSimpleSet_ABC_addB_ABC@51081592]" name="testRemove_D" duration-ms="1" started-at="2016-09-16T08:14:01Z" finished-at="2016-09-16T08:14:01Z">
          <exception class="java.util.NoSuchElementException">
            <message>
              <![CDATA[ArraySet]]>
            </message>
            <full-stacktrace>
              <![CDATA[java.util.NoSuchElementException: ArraySet
	at ArraySet.remove(ArraySet.java:88)
	at SetTestCase.remove(SetTestCase.java:35)
	at TestSimpleSet_ABC_addB_ABC.testRemove_D(TestSimpleSet_ABC_addB_ABC.java:212)
	at sun.reflect.NativeMethodAccessorImpl.invoke0(Native Method)
	at sun.reflect.NativeMethodAccessorImpl.invoke(NativeMethodAccessorImpl.java:62)
	at sun.reflect.DelegatingMethodAccessorImpl.invoke(DelegatingMethodAccessorImpl.java:43)
	at java.lang.reflect.Method.invoke(Method.java:497)
	at org.testng.internal.MethodInvocationHelper.invokeMethod(MethodInvocationHelper.java:100)
	at org.testng.internal.Invoker.invokeMethod(Invoker.java:646)
	at org.testng.internal.Invoker.invokeTestMethod(Invoker.java:811)
	at org.testng.internal.Invoker.invokeTestMethods(Invoker.java:1129)
	at org.testng.internal.TestMethodWorker.invokeTestMethods(TestMethodWorker.java:129)
	at org.testng.internal.TestMethodWorker.run(TestMethodWorker.java:112)
	at org.testng.TestRunner.privateRun(TestRunner.java:746)
	at org.testng.TestRunner.run(TestRunner.java:600)
	at org.testng.SuiteRunner.runTest(SuiteRunner.java:366)
	at org.testng.SuiteRunner.runSequentially(SuiteRunner.java:361)
	at org.testng.SuiteRunner.privateRun(SuiteRunner.java:319)
	at org.testng.SuiteRunner.run(SuiteRunner.java:268)
	at org.testng.SuiteRunnerWorker.runSuite(SuiteRunnerWorker.java:52)
	at org.testng.SuiteRunnerWorker.run(SuiteRunnerWorker.java:86)
	at org.testng.TestNG.runSuitesSequentially(TestNG.java:1264)
	at org.testng.TestNG.runSuitesLocally(TestNG.java:1189)
	at org.testng.TestNG.runSuites(TestNG.java:1104)
	at org.testng.TestNG.run(TestNG.java:1076)
	at org.testng.remote.AbstractRemoteTestNG.run(AbstractRemoteTestNG.java:126)
	at org.testng.remote.RemoteTestNG.initAndRun(RemoteTestNG.java:152)
	at org.testng.remote.RemoteTestNG.main(RemoteTestNG.java:57)
]]>
            </full-stacktrace>
          </exception> <!-- java.util.NoSuchElementException -->
          <reporter-output>
          </reporter-output>
        </test-method> <!-- testRemove_D -->
        <test-method status="PASS" signature="testSize()[pri:0, instance:TestSimpleSet_ABC_addB_ABC@51081592]" name="testSize" duration-ms="0" started-at="2016-09-16T08:14:01Z" finished-at="2016-09-16T08:14:01Z">
          <reporter-output>
          </reporter-output>
        </test-method> <!-- testSize -->
        <test-method status="PASS" signature="initializeSet()[pri:0, instance:TestSimpleSet_ABC_addB_ABC@51081592]" name="initializeSet" is-config="true" duration-ms="0" started-at="2016-09-16T08:14:01Z" finished-at="2016-09-16T08:14:01Z">
          <reporter-output>
          </reporter-output>
        </test-method> <!-- initializeSet -->
        <test-method status="PASS" signature="testToString()[pri:0, instance:TestSimpleSet_ABC_addB_ABC@51081592]" name="testToString" duration-ms="1" started-at="2016-09-16T08:14:01Z" finished-at="2016-09-16T08:14:01Z">
          <reporter-output>
          </reporter-output>
        </test-method> <!-- testToString -->
        <test-method status="PASS" signature="initializeSet()[pri:0, instance:TestSimpleSet_ABC_addB_ABC@51081592]" name="initializeSet" is-config="true" duration-ms="0" started-at="2016-09-16T08:14:01Z" finished-at="2016-09-16T08:14:01Z">
          <reporter-output>
          </reporter-output>
        </test-method> <!-- initializeSet -->
      </class> <!-- TestSimpleSet_ABC_addB_ABC -->
      <class name="TestSimpleSet_AB_removeA_B">
        <test-method status="PASS" signature="initializeSet()[pri:0, instance:TestSimpleSet_AB_removeA_B@3a82f6ef]" name="initializeSet" is-config="true" duration-ms="0" started-at="2016-09-16T08:14:01Z" finished-at="2016-09-16T08:14:01Z">
          <reporter-output>
          </reporter-output>
        </test-method> <!-- initializeSet -->
        <test-method status="PASS" signature="testAdd_B()[pri:0, instance:TestSimpleSet_AB_removeA_B@3a82f6ef]" name="testAdd_B" duration-ms="1" started-at="2016-09-16T08:14:01Z" finished-at="2016-09-16T08:14:01Z">
          <reporter-output>
          </reporter-output>
        </test-method> <!-- testAdd_B -->
        <test-method status="PASS" signature="initializeSet()[pri:0, instance:TestSimpleSet_AB_removeA_B@3a82f6ef]" name="initializeSet" is-config="true" duration-ms="0" started-at="2016-09-16T08:14:01Z" finished-at="2016-09-16T08:14:01Z">
          <reporter-output>
          </reporter-output>
        </test-method> <!-- initializeSet -->
        <test-method status="PASS" signature="testAdd_C()[pri:0, instance:TestSimpleSet_AB_removeA_B@3a82f6ef]" name="testAdd_C" duration-ms="1" started-at="2016-09-16T08:14:01Z" finished-at="2016-09-16T08:14:01Z">
          <reporter-output>
          </reporter-output>
        </test-method> <!-- testAdd_C -->
        <test-method status="PASS" signature="initializeSet()[pri:0, instance:TestSimpleSet_AB_removeA_B@3a82f6ef]" name="initializeSet" is-config="true" duration-ms="4" started-at="2016-09-16T08:14:01Z" finished-at="2016-09-16T08:14:01Z">
          <reporter-output>
          </reporter-output>
        </test-method> <!-- initializeSet -->
        <test-method status="PASS" signature="testContains_A()[pri:0, instance:TestSimpleSet_AB_removeA_B@3a82f6ef]" name="testContains_A" duration-ms="1" started-at="2016-09-16T08:14:01Z" finished-at="2016-09-16T08:14:01Z">
          <reporter-output>
          </reporter-output>
        </test-method> <!-- testContains_A -->
        <test-method status="PASS" signature="testContains_B()[pri:0, instance:TestSimpleSet_AB_removeA_B@3a82f6ef]" name="testContains_B" duration-ms="0" started-at="2016-09-16T08:14:01Z" finished-at="2016-09-16T08:14:01Z">
          <reporter-output>
          </reporter-output>
        </test-method> <!-- testContains_B -->
        <test-method status="PASS" signature="initializeSet()[pri:0, instance:TestSimpleSet_AB_removeA_B@3a82f6ef]" name="initializeSet" is-config="true" duration-ms="0" started-at="2016-09-16T08:14:01Z" finished-at="2016-09-16T08:14:01Z">
          <reporter-output>
          </reporter-output>
        </test-method> <!-- initializeSet -->
        <test-method status="PASS" signature="testIsEmpty()[pri:0, instance:TestSimpleSet_AB_removeA_B@3a82f6ef]" name="testIsEmpty" duration-ms="0" started-at="2016-09-16T08:14:01Z" finished-at="2016-09-16T08:14:01Z">
          <reporter-output>
          </reporter-output>
        </test-method> <!-- testIsEmpty -->
        <test-method status="PASS" signature="initializeSet()[pri:0, instance:TestSimpleSet_AB_removeA_B@3a82f6ef]" name="initializeSet" is-config="true" duration-ms="0" started-at="2016-09-16T08:14:01Z" finished-at="2016-09-16T08:14:01Z">
          <reporter-output>
          </reporter-output>
        </test-method> <!-- initializeSet -->
        <test-method status="PASS" signature="initializeSet()[pri:0, instance:TestSimpleSet_AB_removeA_B@3a82f6ef]" name="initializeSet" is-config="true" duration-ms="0" started-at="2016-09-16T08:14:01Z" finished-at="2016-09-16T08:14:01Z">
          <reporter-output>
          </reporter-output>
        </test-method> <!-- initializeSet -->
        <test-method status="PASS" signature="testRemove_A()[pri:0, instance:TestSimpleSet_AB_removeA_B@3a82f6ef]" name="testRemove_A" duration-ms="1" started-at="2016-09-16T08:14:01Z" finished-at="2016-09-16T08:14:01Z">
          <exception class="java.util.NoSuchElementException">
            <message>
              <![CDATA[ArraySet]]>
            </message>
            <full-stacktrace>
              <![CDATA[java.util.NoSuchElementException: ArraySet
	at ArraySet.remove(ArraySet.java:88)
	at SetTestCase.remove(SetTestCase.java:35)
	at TestSimpleSet_AB_removeA_B.testRemove_A(TestSimpleSet_AB_removeA_B.java:119)
	at sun.reflect.NativeMethodAccessorImpl.invoke0(Native Method)
	at sun.reflect.NativeMethodAccessorImpl.invoke(NativeMethodAccessorImpl.java:62)
	at sun.reflect.DelegatingMethodAccessorImpl.invoke(DelegatingMethodAccessorImpl.java:43)
	at java.lang.reflect.Method.invoke(Method.java:497)
	at org.testng.internal.MethodInvocationHelper.invokeMethod(MethodInvocationHelper.java:100)
	at org.testng.internal.Invoker.invokeMethod(Invoker.java:646)
	at org.testng.internal.Invoker.invokeTestMethod(Invoker.java:811)
	at org.testng.internal.Invoker.invokeTestMethods(Invoker.java:1129)
	at org.testng.internal.TestMethodWorker.invokeTestMethods(TestMethodWorker.java:129)
	at org.testng.internal.TestMethodWorker.run(TestMethodWorker.java:112)
	at org.testng.TestRunner.privateRun(TestRunner.java:746)
	at org.testng.TestRunner.run(TestRunner.java:600)
	at org.testng.SuiteRunner.runTest(SuiteRunner.java:366)
	at org.testng.SuiteRunner.runSequentially(SuiteRunner.java:361)
	at org.testng.SuiteRunner.privateRun(SuiteRunner.java:319)
	at org.testng.SuiteRunner.run(SuiteRunner.java:268)
	at org.testng.SuiteRunnerWorker.runSuite(SuiteRunnerWorker.java:52)
	at org.testng.SuiteRunnerWorker.run(SuiteRunnerWorker.java:86)
	at org.testng.TestNG.runSuitesSequentially(TestNG.java:1264)
	at org.testng.TestNG.runSuitesLocally(TestNG.java:1189)
	at org.testng.TestNG.runSuites(TestNG.java:1104)
	at org.testng.TestNG.run(TestNG.java:1076)
	at org.testng.remote.AbstractRemoteTestNG.run(AbstractRemoteTestNG.java:126)
	at org.testng.remote.RemoteTestNG.initAndRun(RemoteTestNG.java:152)
	at org.testng.remote.RemoteTestNG.main(RemoteTestNG.java:57)
]]>
            </full-stacktrace>
          </exception> <!-- java.util.NoSuchElementException -->
          <reporter-output>
          </reporter-output>
        </test-method> <!-- testRemove_A -->
        <test-method status="PASS" signature="initializeSet()[pri:0, instance:TestSimpleSet_AB_removeA_B@3a82f6ef]" name="initializeSet" is-config="true" duration-ms="1" started-at="2016-09-16T08:14:01Z" finished-at="2016-09-16T08:14:01Z">
          <reporter-output>
          </reporter-output>
        </test-method> <!-- initializeSet -->
        <test-method status="PASS" signature="testRemove_B()[pri:0, instance:TestSimpleSet_AB_removeA_B@3a82f6ef]" name="testRemove_B" duration-ms="0" started-at="2016-09-16T08:14:01Z" finished-at="2016-09-16T08:14:01Z">
          <reporter-output>
          </reporter-output>
        </test-method> <!-- testRemove_B -->
        <test-method status="PASS" signature="initializeSet()[pri:0, instance:TestSimpleSet_AB_removeA_B@3a82f6ef]" name="initializeSet" is-config="true" duration-ms="0" started-at="2016-09-16T08:14:01Z" finished-at="2016-09-16T08:14:01Z">
          <reporter-output>
          </reporter-output>
        </test-method> <!-- initializeSet -->
        <test-method status="PASS" signature="testSize()[pri:0, instance:TestSimpleSet_AB_removeA_B@3a82f6ef]" name="testSize" duration-ms="1" started-at="2016-09-16T08:14:01Z" finished-at="2016-09-16T08:14:01Z">
          <reporter-output>
          </reporter-output>
        </test-method> <!-- testSize -->
        <test-method status="PASS" signature="testToString()[pri:0, instance:TestSimpleSet_AB_removeA_B@3a82f6ef]" name="testToString" duration-ms="1" started-at="2016-09-16T08:14:01Z" finished-at="2016-09-16T08:14:01Z">
          <reporter-output>
          </reporter-output>
        </test-method> <!-- testToString -->
        <test-method status="PASS" signature="initializeSet()[pri:0, instance:TestSimpleSet_AB_removeA_B@3a82f6ef]" name="initializeSet" is-config="true" duration-ms="0" started-at="2016-09-16T08:14:01Z" finished-at="2016-09-16T08:14:01Z">
          <reporter-output>
          </reporter-output>
        </test-method> <!-- initializeSet -->
      </class> <!-- TestSimpleSet_AB_removeA_B -->
      <class name="TestSimpleSet_AB_removeB_A">
        <test-method status="PASS" signature="initializeSet()[pri:0, instance:TestSimpleSet_AB_removeB_A@100fc185]" name="initializeSet" is-config="true" duration-ms="0" started-at="2016-09-16T08:14:01Z" finished-at="2016-09-16T08:14:01Z">
          <reporter-output>
          </reporter-output>
        </test-method> <!-- initializeSet -->
        <test-method status="PASS" signature="testAdd_A()[pri:0, instance:TestSimpleSet_AB_removeB_A@100fc185]" name="testAdd_A" duration-ms="0" started-at="2016-09-16T08:14:01Z" finished-at="2016-09-16T08:14:01Z">
          <reporter-output>
          </reporter-output>
        </test-method> <!-- testAdd_A -->
        <test-method status="PASS" signature="initializeSet()[pri:0, instance:TestSimpleSet_AB_removeB_A@100fc185]" name="initializeSet" is-config="true" duration-ms="0" started-at="2016-09-16T08:14:01Z" finished-at="2016-09-16T08:14:01Z">
          <reporter-output>
          </reporter-output>
        </test-method> <!-- initializeSet -->
        <test-method status="PASS" signature="testAdd_B()[pri:0, instance:TestSimpleSet_AB_removeB_A@100fc185]" name="testAdd_B" duration-ms="0" started-at="2016-09-16T08:14:01Z" finished-at="2016-09-16T08:14:01Z">
          <reporter-output>
          </reporter-output>
        </test-method> <!-- testAdd_B -->
        <test-method status="PASS" signature="initializeSet()[pri:0, instance:TestSimpleSet_AB_removeB_A@100fc185]" name="initializeSet" is-config="true" duration-ms="0" started-at="2016-09-16T08:14:01Z" finished-at="2016-09-16T08:14:01Z">
          <reporter-output>
          </reporter-output>
        </test-method> <!-- initializeSet -->
        <test-method status="PASS" signature="testContains_B()[pri:0, instance:TestSimpleSet_AB_removeB_A@100fc185]" name="testContains_B" duration-ms="1" started-at="2016-09-16T08:14:01Z" finished-at="2016-09-16T08:14:01Z">
          <reporter-output>
          </reporter-output>
        </test-method> <!-- testContains_B -->
        <test-method status="PASS" signature="initializeSet()[pri:0, instance:TestSimpleSet_AB_removeB_A@100fc185]" name="initializeSet" is-config="true" duration-ms="0" started-at="2016-09-16T08:14:01Z" finished-at="2016-09-16T08:14:01Z">
          <reporter-output>
          </reporter-output>
        </test-method> <!-- initializeSet -->
        <test-method status="PASS" signature="testContains_A()[pri:0, instance:TestSimpleSet_AB_removeB_A@100fc185]" name="testContains_A" duration-ms="0" started-at="2016-09-16T08:14:01Z" finished-at="2016-09-16T08:14:01Z">
          <reporter-output>
          </reporter-output>
        </test-method> <!-- testContains_A -->
        <test-method status="PASS" signature="testIsEmpty()[pri:0, instance:TestSimpleSet_AB_removeB_A@100fc185]" name="testIsEmpty" duration-ms="1" started-at="2016-09-16T08:14:01Z" finished-at="2016-09-16T08:14:01Z">
          <reporter-output>
          </reporter-output>
        </test-method> <!-- testIsEmpty -->
        <test-method status="PASS" signature="initializeSet()[pri:0, instance:TestSimpleSet_AB_removeB_A@100fc185]" name="initializeSet" is-config="true" duration-ms="0" started-at="2016-09-16T08:14:01Z" finished-at="2016-09-16T08:14:01Z">
          <reporter-output>
          </reporter-output>
        </test-method> <!-- initializeSet -->
        <test-method status="PASS" signature="testRemove_A()[pri:0, instance:TestSimpleSet_AB_removeB_A@100fc185]" name="testRemove_A" duration-ms="1" started-at="2016-09-16T08:14:01Z" finished-at="2016-09-16T08:14:01Z">
          <reporter-output>
          </reporter-output>
        </test-method> <!-- testRemove_A -->
        <test-method status="PASS" signature="initializeSet()[pri:0, instance:TestSimpleSet_AB_removeB_A@100fc185]" name="initializeSet" is-config="true" duration-ms="0" started-at="2016-09-16T08:14:01Z" finished-at="2016-09-16T08:14:01Z">
          <reporter-output>
          </reporter-output>
        </test-method> <!-- initializeSet -->
        <test-method status="PASS" signature="testRemove_B()[pri:0, instance:TestSimpleSet_AB_removeB_A@100fc185]" name="testRemove_B" duration-ms="1" started-at="2016-09-16T08:14:01Z" finished-at="2016-09-16T08:14:01Z">
          <exception class="java.util.NoSuchElementException">
            <message>
              <![CDATA[ArraySet]]>
            </message>
            <full-stacktrace>
              <![CDATA[java.util.NoSuchElementException: ArraySet
	at ArraySet.remove(ArraySet.java:88)
	at SetTestCase.remove(SetTestCase.java:35)
	at TestSimpleSet_AB_removeB_A.testRemove_B(TestSimpleSet_AB_removeB_A.java:120)
	at sun.reflect.NativeMethodAccessorImpl.invoke0(Native Method)
	at sun.reflect.NativeMethodAccessorImpl.invoke(NativeMethodAccessorImpl.java:62)
	at sun.reflect.DelegatingMethodAccessorImpl.invoke(DelegatingMethodAccessorImpl.java:43)
	at java.lang.reflect.Method.invoke(Method.java:497)
	at org.testng.internal.MethodInvocationHelper.invokeMethod(MethodInvocationHelper.java:100)
	at org.testng.internal.Invoker.invokeMethod(Invoker.java:646)
	at org.testng.internal.Invoker.invokeTestMethod(Invoker.java:811)
	at org.testng.internal.Invoker.invokeTestMethods(Invoker.java:1129)
	at org.testng.internal.TestMethodWorker.invokeTestMethods(TestMethodWorker.java:129)
	at org.testng.internal.TestMethodWorker.run(TestMethodWorker.java:112)
	at org.testng.TestRunner.privateRun(TestRunner.java:746)
	at org.testng.TestRunner.run(TestRunner.java:600)
	at org.testng.SuiteRunner.runTest(SuiteRunner.java:366)
	at org.testng.SuiteRunner.runSequentially(SuiteRunner.java:361)
	at org.testng.SuiteRunner.privateRun(SuiteRunner.java:319)
	at org.testng.SuiteRunner.run(SuiteRunner.java:268)
	at org.testng.SuiteRunnerWorker.runSuite(SuiteRunnerWorker.java:52)
	at org.testng.SuiteRunnerWorker.run(SuiteRunnerWorker.java:86)
	at org.testng.TestNG.runSuitesSequentially(TestNG.java:1264)
	at org.testng.TestNG.runSuitesLocally(TestNG.java:1189)
	at org.testng.TestNG.runSuites(TestNG.java:1104)
	at org.testng.TestNG.run(TestNG.java:1076)
	at org.testng.remote.AbstractRemoteTestNG.run(AbstractRemoteTestNG.java:126)
	at org.testng.remote.RemoteTestNG.initAndRun(RemoteTestNG.java:152)
	at org.testng.remote.RemoteTestNG.main(RemoteTestNG.java:57)
]]>
            </full-stacktrace>
          </exception> <!-- java.util.NoSuchElementException -->
          <reporter-output>
          </reporter-output>
        </test-method> <!-- testRemove_B -->
        <test-method status="PASS" signature="initializeSet()[pri:0, instance:TestSimpleSet_AB_removeB_A@100fc185]" name="initializeSet" is-config="true" duration-ms="0" started-at="2016-09-16T08:14:01Z" finished-at="2016-09-16T08:14:01Z">
          <reporter-output>
          </reporter-output>
        </test-method> <!-- initializeSet -->
        <test-method status="PASS" signature="initializeSet()[pri:0, instance:TestSimpleSet_AB_removeB_A@100fc185]" name="initializeSet" is-config="true" duration-ms="1" started-at="2016-09-16T08:14:01Z" finished-at="2016-09-16T08:14:01Z">
          <reporter-output>
          </reporter-output>
        </test-method> <!-- initializeSet -->
        <test-method status="PASS" signature="initializeSet()[pri:0, instance:TestSimpleSet_AB_removeB_A@100fc185]" name="initializeSet" is-config="true" duration-ms="0" started-at="2016-09-16T08:14:01Z" finished-at="2016-09-16T08:14:01Z">
          <reporter-output>
          </reporter-output>
        </test-method> <!-- initializeSet -->
        <test-method status="PASS" signature="testSize()[pri:0, instance:TestSimpleSet_AB_removeB_A@100fc185]" name="testSize" duration-ms="0" started-at="2016-09-16T08:14:01Z" finished-at="2016-09-16T08:14:01Z">
          <reporter-output>
          </reporter-output>
        </test-method> <!-- testSize -->
        <test-method status="PASS" signature="testToString()[pri:0, instance:TestSimpleSet_AB_removeB_A@100fc185]" name="testToString" duration-ms="1" started-at="2016-09-16T08:14:01Z" finished-at="2016-09-16T08:14:01Z">
          <reporter-output>
          </reporter-output>
        </test-method> <!-- testToString -->
      </class> <!-- TestSimpleSet_AB_removeB_A -->
      <class name="TestSimpleSet_A_addB_AB">
        <test-method status="PASS" signature="initializeSet()[pri:0, instance:TestSimpleSet_A_addB_AB@6cc4c815]" name="initializeSet" is-config="true" duration-ms="1" started-at="2016-09-16T08:14:01Z" finished-at="2016-09-16T08:14:01Z">
          <reporter-output>
          </reporter-output>
        </test-method> <!-- initializeSet -->
        <test-method status="PASS" signature="testAdd_A()[pri:0, instance:TestSimpleSet_A_addB_AB@6cc4c815]" name="testAdd_A" duration-ms="0" started-at="2016-09-16T08:14:01Z" finished-at="2016-09-16T08:14:01Z">
          <reporter-output>
          </reporter-output>
        </test-method> <!-- testAdd_A -->
        <test-method status="PASS" signature="initializeSet()[pri:0, instance:TestSimpleSet_A_addB_AB@6cc4c815]" name="initializeSet" is-config="true" duration-ms="0" started-at="2016-09-16T08:14:01Z" finished-at="2016-09-16T08:14:01Z">
          <reporter-output>
          </reporter-output>
        </test-method> <!-- initializeSet -->
        <test-method status="PASS" signature="testAdd_B()[pri:0, instance:TestSimpleSet_A_addB_AB@6cc4c815]" name="testAdd_B" duration-ms="1" started-at="2016-09-16T08:14:01Z" finished-at="2016-09-16T08:14:01Z">
          <reporter-output>
          </reporter-output>
        </test-method> <!-- testAdd_B -->
        <test-method status="PASS" signature="initializeSet()[pri:0, instance:TestSimpleSet_A_addB_AB@6cc4c815]" name="initializeSet" is-config="true" duration-ms="0" started-at="2016-09-16T08:14:01Z" finished-at="2016-09-16T08:14:01Z">
          <reporter-output>
          </reporter-output>
        </test-method> <!-- initializeSet -->
        <test-method status="PASS" signature="testAdd_C()[pri:0, instance:TestSimpleSet_A_addB_AB@6cc4c815]" name="testAdd_C" duration-ms="1" started-at="2016-09-16T08:14:01Z" finished-at="2016-09-16T08:14:01Z">
          <reporter-output>
          </reporter-output>
        </test-method> <!-- testAdd_C -->
        <test-method status="PASS" signature="testContains_A()[pri:0, instance:TestSimpleSet_A_addB_AB@6cc4c815]" name="testContains_A" duration-ms="1" started-at="2016-09-16T08:14:01Z" finished-at="2016-09-16T08:14:01Z">
          <reporter-output>
          </reporter-output>
        </test-method> <!-- testContains_A -->
        <test-method status="PASS" signature="initializeSet()[pri:0, instance:TestSimpleSet_A_addB_AB@6cc4c815]" name="initializeSet" is-config="true" duration-ms="0" started-at="2016-09-16T08:14:01Z" finished-at="2016-09-16T08:14:01Z">
          <reporter-output>
          </reporter-output>
        </test-method> <!-- initializeSet -->
        <test-method status="PASS" signature="initializeSet()[pri:0, instance:TestSimpleSet_A_addB_AB@6cc4c815]" name="initializeSet" is-config="true" duration-ms="0" started-at="2016-09-16T08:14:01Z" finished-at="2016-09-16T08:14:01Z">
          <reporter-output>
          </reporter-output>
        </test-method> <!-- initializeSet -->
        <test-method status="PASS" signature="testContains_B()[pri:0, instance:TestSimpleSet_A_addB_AB@6cc4c815]" name="testContains_B" duration-ms="1" started-at="2016-09-16T08:14:01Z" finished-at="2016-09-16T08:14:01Z">
          <reporter-output>
          </reporter-output>
        </test-method> <!-- testContains_B -->
        <test-method status="PASS" signature="testContains_C()[pri:0, instance:TestSimpleSet_A_addB_AB@6cc4c815]" name="testContains_C" duration-ms="1" started-at="2016-09-16T08:14:01Z" finished-at="2016-09-16T08:14:01Z">
          <reporter-output>
          </reporter-output>
        </test-method> <!-- testContains_C -->
        <test-method status="PASS" signature="initializeSet()[pri:0, instance:TestSimpleSet_A_addB_AB@6cc4c815]" name="initializeSet" is-config="true" duration-ms="0" started-at="2016-09-16T08:14:01Z" finished-at="2016-09-16T08:14:01Z">
          <reporter-output>
          </reporter-output>
        </test-method> <!-- initializeSet -->
        <test-method status="PASS" signature="initializeSet()[pri:0, instance:TestSimpleSet_A_addB_AB@6cc4c815]" name="initializeSet" is-config="true" duration-ms="1" started-at="2016-09-16T08:14:01Z" finished-at="2016-09-16T08:14:01Z">
          <reporter-output>
          </reporter-output>
        </test-method> <!-- initializeSet -->
        <test-method status="PASS" signature="testIsEmpty()[pri:0, instance:TestSimpleSet_A_addB_AB@6cc4c815]" name="testIsEmpty" duration-ms="0" started-at="2016-09-16T08:14:01Z" finished-at="2016-09-16T08:14:01Z">
          <reporter-output>
          </reporter-output>
        </test-method> <!-- testIsEmpty -->
        <test-method status="PASS" signature="testRemove_A()[pri:0, instance:TestSimpleSet_A_addB_AB@6cc4c815]" name="testRemove_A" duration-ms="1" started-at="2016-09-16T08:14:01Z" finished-at="2016-09-16T08:14:01Z">
          <reporter-output>
          </reporter-output>
        </test-method> <!-- testRemove_A -->
        <test-method status="PASS" signature="initializeSet()[pri:0, instance:TestSimpleSet_A_addB_AB@6cc4c815]" name="initializeSet" is-config="true" duration-ms="0" started-at="2016-09-16T08:14:01Z" finished-at="2016-09-16T08:14:01Z">
          <reporter-output>
          </reporter-output>
        </test-method> <!-- initializeSet -->
        <test-method status="PASS" signature="initializeSet()[pri:0, instance:TestSimpleSet_A_addB_AB@6cc4c815]" name="initializeSet" is-config="true" duration-ms="0" started-at="2016-09-16T08:14:01Z" finished-at="2016-09-16T08:14:01Z">
          <reporter-output>
          </reporter-output>
        </test-method> <!-- initializeSet -->
        <test-method status="PASS" signature="testRemove_B()[pri:0, instance:TestSimpleSet_A_addB_AB@6cc4c815]" name="testRemove_B" duration-ms="1" started-at="2016-09-16T08:14:01Z" finished-at="2016-09-16T08:14:01Z">
          <reporter-output>
          </reporter-output>
        </test-method> <!-- testRemove_B -->
        <test-method status="PASS" signature="testRemove_C()[pri:0, instance:TestSimpleSet_A_addB_AB@6cc4c815]" name="testRemove_C" duration-ms="1" started-at="2016-09-16T08:14:01Z" finished-at="2016-09-16T08:14:01Z">
          <exception class="java.util.NoSuchElementException">
            <message>
              <![CDATA[ArraySet]]>
            </message>
            <full-stacktrace>
              <![CDATA[java.util.NoSuchElementException: ArraySet
	at ArraySet.remove(ArraySet.java:88)
	at SetTestCase.remove(SetTestCase.java:35)
	at TestSimpleSet_A_addB_AB.testRemove_C(TestSimpleSet_A_addB_AB.java:181)
	at sun.reflect.NativeMethodAccessorImpl.invoke0(Native Method)
	at sun.reflect.NativeMethodAccessorImpl.invoke(NativeMethodAccessorImpl.java:62)
	at sun.reflect.DelegatingMethodAccessorImpl.invoke(DelegatingMethodAccessorImpl.java:43)
	at java.lang.reflect.Method.invoke(Method.java:497)
	at org.testng.internal.MethodInvocationHelper.invokeMethod(MethodInvocationHelper.java:100)
	at org.testng.internal.Invoker.invokeMethod(Invoker.java:646)
	at org.testng.internal.Invoker.invokeTestMethod(Invoker.java:811)
	at org.testng.internal.Invoker.invokeTestMethods(Invoker.java:1129)
	at org.testng.internal.TestMethodWorker.invokeTestMethods(TestMethodWorker.java:129)
	at org.testng.internal.TestMethodWorker.run(TestMethodWorker.java:112)
	at org.testng.TestRunner.privateRun(TestRunner.java:746)
	at org.testng.TestRunner.run(TestRunner.java:600)
	at org.testng.SuiteRunner.runTest(SuiteRunner.java:366)
	at org.testng.SuiteRunner.runSequentially(SuiteRunner.java:361)
	at org.testng.SuiteRunner.privateRun(SuiteRunner.java:319)
	at org.testng.SuiteRunner.run(SuiteRunner.java:268)
	at org.testng.SuiteRunnerWorker.runSuite(SuiteRunnerWorker.java:52)
	at org.testng.SuiteRunnerWorker.run(SuiteRunnerWorker.java:86)
	at org.testng.TestNG.runSuitesSequentially(TestNG.java:1264)
	at org.testng.TestNG.runSuitesLocally(TestNG.java:1189)
	at org.testng.TestNG.runSuites(TestNG.java:1104)
	at org.testng.TestNG.run(TestNG.java:1076)
	at org.testng.remote.AbstractRemoteTestNG.run(AbstractRemoteTestNG.java:126)
	at org.testng.remote.RemoteTestNG.initAndRun(RemoteTestNG.java:152)
	at org.testng.remote.RemoteTestNG.main(RemoteTestNG.java:57)
]]>
            </full-stacktrace>
          </exception> <!-- java.util.NoSuchElementException -->
          <reporter-output>
          </reporter-output>
        </test-method> <!-- testRemove_C -->
        <test-method status="PASS" signature="initializeSet()[pri:0, instance:TestSimpleSet_A_addB_AB@6cc4c815]" name="initializeSet" is-config="true" duration-ms="0" started-at="2016-09-16T08:14:01Z" finished-at="2016-09-16T08:14:01Z">
          <reporter-output>
          </reporter-output>
        </test-method> <!-- initializeSet -->
        <test-method status="PASS" signature="initializeSet()[pri:0, instance:TestSimpleSet_A_addB_AB@6cc4c815]" name="initializeSet" is-config="true" duration-ms="1" started-at="2016-09-16T08:14:01Z" finished-at="2016-09-16T08:14:01Z">
          <reporter-output>
          </reporter-output>
        </test-method> <!-- initializeSet -->
        <test-method status="PASS" signature="initializeSet()[pri:0, instance:TestSimpleSet_A_addB_AB@6cc4c815]" name="initializeSet" is-config="true" duration-ms="0" started-at="2016-09-16T08:14:01Z" finished-at="2016-09-16T08:14:01Z">
          <reporter-output>
          </reporter-output>
        </test-method> <!-- initializeSet -->
        <test-method status="PASS" signature="testSize()[pri:0, instance:TestSimpleSet_A_addB_AB@6cc4c815]" name="testSize" duration-ms="0" started-at="2016-09-16T08:14:01Z" finished-at="2016-09-16T08:14:01Z">
          <reporter-output>
          </reporter-output>
        </test-method> <!-- testSize -->
        <test-method status="PASS" signature="testToString()[pri:0, instance:TestSimpleSet_A_addB_AB@6cc4c815]" name="testToString" duration-ms="0" started-at="2016-09-16T08:14:01Z" finished-at="2016-09-16T08:14:01Z">
          <reporter-output>
          </reporter-output>
        </test-method> <!-- testToString -->
      </class> <!-- TestSimpleSet_A_addB_AB -->
      <class name="TestSimpleSet_ABC_removeA_BC">
        <test-method status="PASS" signature="initializeSet()[pri:0, instance:TestSimpleSet_ABC_removeA_BC@6d00a15d]" name="initializeSet" is-config="true" duration-ms="0" started-at="2016-09-16T08:14:01Z" finished-at="2016-09-16T08:14:01Z">
          <reporter-output>
          </reporter-output>
        </test-method> <!-- initializeSet -->
        <test-method status="PASS" signature="testAdd_B()[pri:0, instance:TestSimpleSet_ABC_removeA_BC@6d00a15d]" name="testAdd_B" duration-ms="1" started-at="2016-09-16T08:14:01Z" finished-at="2016-09-16T08:14:01Z">
          <reporter-output>
          </reporter-output>
        </test-method> <!-- testAdd_B -->
        <test-method status="PASS" signature="initializeSet()[pri:0, instance:TestSimpleSet_ABC_removeA_BC@6d00a15d]" name="initializeSet" is-config="true" duration-ms="0" started-at="2016-09-16T08:14:01Z" finished-at="2016-09-16T08:14:01Z">
          <reporter-output>
          </reporter-output>
        </test-method> <!-- initializeSet -->
        <test-method status="PASS" signature="testAdd_C()[pri:0, instance:TestSimpleSet_ABC_removeA_BC@6d00a15d]" name="testAdd_C" duration-ms="1" started-at="2016-09-16T08:14:01Z" finished-at="2016-09-16T08:14:01Z">
          <reporter-output>
          </reporter-output>
        </test-method> <!-- testAdd_C -->
        <test-method status="PASS" signature="initializeSet()[pri:0, instance:TestSimpleSet_ABC_removeA_BC@6d00a15d]" name="initializeSet" is-config="true" duration-ms="0" started-at="2016-09-16T08:14:01Z" finished-at="2016-09-16T08:14:01Z">
          <reporter-output>
          </reporter-output>
        </test-method> <!-- initializeSet -->
        <test-method status="PASS" signature="testAdd_D()[pri:0, instance:TestSimpleSet_ABC_removeA_BC@6d00a15d]" name="testAdd_D" duration-ms="0" started-at="2016-09-16T08:14:01Z" finished-at="2016-09-16T08:14:01Z">
          <reporter-output>
          </reporter-output>
        </test-method> <!-- testAdd_D -->
        <test-method status="PASS" signature="initializeSet()[pri:0, instance:TestSimpleSet_ABC_removeA_BC@6d00a15d]" name="initializeSet" is-config="true" duration-ms="1" started-at="2016-09-16T08:14:01Z" finished-at="2016-09-16T08:14:01Z">
          <reporter-output>
          </reporter-output>
        </test-method> <!-- initializeSet -->
        <test-method status="PASS" signature="testContains_B()[pri:0, instance:TestSimpleSet_ABC_removeA_BC@6d00a15d]" name="testContains_B" duration-ms="0" started-at="2016-09-16T08:14:01Z" finished-at="2016-09-16T08:14:01Z">
          <reporter-output>
          </reporter-output>
        </test-method> <!-- testContains_B -->
        <test-method status="PASS" signature="initializeSet()[pri:0, instance:TestSimpleSet_ABC_removeA_BC@6d00a15d]" name="initializeSet" is-config="true" duration-ms="0" started-at="2016-09-16T08:14:01Z" finished-at="2016-09-16T08:14:01Z">
          <reporter-output>
          </reporter-output>
        </test-method> <!-- initializeSet -->
        <test-method status="PASS" signature="testContains_A()[pri:0, instance:TestSimpleSet_ABC_removeA_BC@6d00a15d]" name="testContains_A" duration-ms="0" started-at="2016-09-16T08:14:01Z" finished-at="2016-09-16T08:14:01Z">
          <reporter-output>
          </reporter-output>
        </test-method> <!-- testContains_A -->
        <test-method status="PASS" signature="initializeSet()[pri:0, instance:TestSimpleSet_ABC_removeA_BC@6d00a15d]" name="initializeSet" is-config="true" duration-ms="0" started-at="2016-09-16T08:14:01Z" finished-at="2016-09-16T08:14:01Z">
          <reporter-output>
          </reporter-output>
        </test-method> <!-- initializeSet -->
        <test-method status="PASS" signature="initializeSet()[pri:0, instance:TestSimpleSet_ABC_removeA_BC@6d00a15d]" name="initializeSet" is-config="true" duration-ms="0" started-at="2016-09-16T08:14:01Z" finished-at="2016-09-16T08:14:01Z">
          <reporter-output>
          </reporter-output>
        </test-method> <!-- initializeSet -->
        <test-method status="PASS" signature="testIsEmpty()[pri:0, instance:TestSimpleSet_ABC_removeA_BC@6d00a15d]" name="testIsEmpty" duration-ms="1" started-at="2016-09-16T08:14:01Z" finished-at="2016-09-16T08:14:01Z">
          <reporter-output>
          </reporter-output>
        </test-method> <!-- testIsEmpty -->
        <test-method status="PASS" signature="testContains_C()[pri:0, instance:TestSimpleSet_ABC_removeA_BC@6d00a15d]" name="testContains_C" duration-ms="0" started-at="2016-09-16T08:14:01Z" finished-at="2016-09-16T08:14:01Z">
          <reporter-output>
          </reporter-output>
        </test-method> <!-- testContains_C -->
        <test-method status="PASS" signature="testRemove_A()[pri:0, instance:TestSimpleSet_ABC_removeA_BC@6d00a15d]" name="testRemove_A" duration-ms="0" started-at="2016-09-16T08:14:01Z" finished-at="2016-09-16T08:14:01Z">
          <exception class="java.util.NoSuchElementException">
            <message>
              <![CDATA[ArraySet]]>
            </message>
            <full-stacktrace>
              <![CDATA[java.util.NoSuchElementException: ArraySet
	at ArraySet.remove(ArraySet.java:88)
	at SetTestCase.remove(SetTestCase.java:35)
	at TestSimpleSet_ABC_removeA_BC.testRemove_A(TestSimpleSet_ABC_removeA_BC.java:182)
	at sun.reflect.NativeMethodAccessorImpl.invoke0(Native Method)
	at sun.reflect.NativeMethodAccessorImpl.invoke(NativeMethodAccessorImpl.java:62)
	at sun.reflect.DelegatingMethodAccessorImpl.invoke(DelegatingMethodAccessorImpl.java:43)
	at java.lang.reflect.Method.invoke(Method.java:497)
	at org.testng.internal.MethodInvocationHelper.invokeMethod(MethodInvocationHelper.java:100)
	at org.testng.internal.Invoker.invokeMethod(Invoker.java:646)
	at org.testng.internal.Invoker.invokeTestMethod(Invoker.java:811)
	at org.testng.internal.Invoker.invokeTestMethods(Invoker.java:1129)
	at org.testng.internal.TestMethodWorker.invokeTestMethods(TestMethodWorker.java:129)
	at org.testng.internal.TestMethodWorker.run(TestMethodWorker.java:112)
	at org.testng.TestRunner.privateRun(TestRunner.java:746)
	at org.testng.TestRunner.run(TestRunner.java:600)
	at org.testng.SuiteRunner.runTest(SuiteRunner.java:366)
	at org.testng.SuiteRunner.runSequentially(SuiteRunner.java:361)
	at org.testng.SuiteRunner.privateRun(SuiteRunner.java:319)
	at org.testng.SuiteRunner.run(SuiteRunner.java:268)
	at org.testng.SuiteRunnerWorker.runSuite(SuiteRunnerWorker.java:52)
	at org.testng.SuiteRunnerWorker.run(SuiteRunnerWorker.java:86)
	at org.testng.TestNG.runSuitesSequentially(TestNG.java:1264)
	at org.testng.TestNG.runSuitesLocally(TestNG.java:1189)
	at org.testng.TestNG.runSuites(TestNG.java:1104)
	at org.testng.TestNG.run(TestNG.java:1076)
	at org.testng.remote.AbstractRemoteTestNG.run(AbstractRemoteTestNG.java:126)
	at org.testng.remote.RemoteTestNG.initAndRun(RemoteTestNG.java:152)
	at org.testng.remote.RemoteTestNG.main(RemoteTestNG.java:57)
]]>
            </full-stacktrace>
          </exception> <!-- java.util.NoSuchElementException -->
          <reporter-output>
          </reporter-output>
        </test-method> <!-- testRemove_A -->
        <test-method status="PASS" signature="initializeSet()[pri:0, instance:TestSimpleSet_ABC_removeA_BC@6d00a15d]" name="initializeSet" is-config="true" duration-ms="0" started-at="2016-09-16T08:14:01Z" finished-at="2016-09-16T08:14:01Z">
          <reporter-output>
          </reporter-output>
        </test-method> <!-- initializeSet -->
        <test-method status="PASS" signature="testRemove_B()[pri:0, instance:TestSimpleSet_ABC_removeA_BC@6d00a15d]" name="testRemove_B" duration-ms="0" started-at="2016-09-16T08:14:01Z" finished-at="2016-09-16T08:14:01Z">
          <reporter-output>
          </reporter-output>
        </test-method> <!-- testRemove_B -->
        <test-method status="PASS" signature="initializeSet()[pri:0, instance:TestSimpleSet_ABC_removeA_BC@6d00a15d]" name="initializeSet" is-config="true" duration-ms="0" started-at="2016-09-16T08:14:01Z" finished-at="2016-09-16T08:14:01Z">
          <reporter-output>
          </reporter-output>
        </test-method> <!-- initializeSet -->
        <test-method status="PASS" signature="testRemove_C()[pri:0, instance:TestSimpleSet_ABC_removeA_BC@6d00a15d]" name="testRemove_C" duration-ms="0" started-at="2016-09-16T08:14:01Z" finished-at="2016-09-16T08:14:01Z">
          <reporter-output>
          </reporter-output>
        </test-method> <!-- testRemove_C -->
        <test-method status="PASS" signature="initializeSet()[pri:0, instance:TestSimpleSet_ABC_removeA_BC@6d00a15d]" name="initializeSet" is-config="true" duration-ms="0" started-at="2016-09-16T08:14:01Z" finished-at="2016-09-16T08:14:01Z">
          <reporter-output>
          </reporter-output>
        </test-method> <!-- initializeSet -->
        <test-method status="PASS" signature="initializeSet()[pri:0, instance:TestSimpleSet_ABC_removeA_BC@6d00a15d]" name="initializeSet" is-config="true" duration-ms="1" started-at="2016-09-16T08:14:01Z" finished-at="2016-09-16T08:14:01Z">
          <reporter-output>
          </reporter-output>
        </test-method> <!-- initializeSet -->
        <test-method status="PASS" signature="initializeSet()[pri:0, instance:TestSimpleSet_ABC_removeA_BC@6d00a15d]" name="initializeSet" is-config="true" duration-ms="0" started-at="2016-09-16T08:14:01Z" finished-at="2016-09-16T08:14:01Z">
          <reporter-output>
          </reporter-output>
        </test-method> <!-- initializeSet -->
        <test-method status="PASS" signature="testSize()[pri:0, instance:TestSimpleSet_ABC_removeA_BC@6d00a15d]" name="testSize" duration-ms="0" started-at="2016-09-16T08:14:01Z" finished-at="2016-09-16T08:14:01Z">
          <reporter-output>
          </reporter-output>
        </test-method> <!-- testSize -->
        <test-method status="PASS" signature="testToString()[pri:0, instance:TestSimpleSet_ABC_removeA_BC@6d00a15d]" name="testToString" duration-ms="0" started-at="2016-09-16T08:14:01Z" finished-at="2016-09-16T08:14:01Z">
          <reporter-output>
          </reporter-output>
        </test-method> <!-- testToString -->
      </class> <!-- TestSimpleSet_ABC_removeA_BC -->
      <class name="TestSimpleSet_ABC_removeB_AC">
        <test-method status="PASS" signature="initializeSet()[pri:0, instance:TestSimpleSet_ABC_removeB_AC@51efea79]" name="initializeSet" is-config="true" duration-ms="0" started-at="2016-09-16T08:14:01Z" finished-at="2016-09-16T08:14:01Z">
          <reporter-output>
          </reporter-output>
        </test-method> <!-- initializeSet -->
        <test-method status="PASS" signature="testAdd_A()[pri:0, instance:TestSimpleSet_ABC_removeB_AC@51efea79]" name="testAdd_A" duration-ms="1" started-at="2016-09-16T08:14:01Z" finished-at="2016-09-16T08:14:01Z">
          <reporter-output>
          </reporter-output>
        </test-method> <!-- testAdd_A -->
        <test-method status="PASS" signature="initializeSet()[pri:0, instance:TestSimpleSet_ABC_removeB_AC@51efea79]" name="initializeSet" is-config="true" duration-ms="0" started-at="2016-09-16T08:14:01Z" finished-at="2016-09-16T08:14:01Z">
          <reporter-output>
          </reporter-output>
        </test-method> <!-- initializeSet -->
        <test-method status="PASS" signature="testAdd_C()[pri:0, instance:TestSimpleSet_ABC_removeB_AC@51efea79]" name="testAdd_C" duration-ms="0" started-at="2016-09-16T08:14:01Z" finished-at="2016-09-16T08:14:01Z">
          <reporter-output>
          </reporter-output>
        </test-method> <!-- testAdd_C -->
        <test-method status="PASS" signature="testAdd_D()[pri:0, instance:TestSimpleSet_ABC_removeB_AC@51efea79]" name="testAdd_D" duration-ms="0" started-at="2016-09-16T08:14:01Z" finished-at="2016-09-16T08:14:01Z">
          <reporter-output>
          </reporter-output>
        </test-method> <!-- testAdd_D -->
        <test-method status="PASS" signature="testContains_A()[pri:0, instance:TestSimpleSet_ABC_removeB_AC@51efea79]" name="testContains_A" duration-ms="1" started-at="2016-09-16T08:14:01Z" finished-at="2016-09-16T08:14:01Z">
          <reporter-output>
          </reporter-output>
        </test-method> <!-- testContains_A -->
        <test-method status="PASS" signature="initializeSet()[pri:0, instance:TestSimpleSet_ABC_removeB_AC@51efea79]" name="initializeSet" is-config="true" duration-ms="0" started-at="2016-09-16T08:14:01Z" finished-at="2016-09-16T08:14:01Z">
          <reporter-output>
          </reporter-output>
        </test-method> <!-- initializeSet -->
        <test-method status="PASS" signature="initializeSet()[pri:0, instance:TestSimpleSet_ABC_removeB_AC@51efea79]" name="initializeSet" is-config="true" duration-ms="0" started-at="2016-09-16T08:14:01Z" finished-at="2016-09-16T08:14:01Z">
          <reporter-output>
          </reporter-output>
        </test-method> <!-- initializeSet -->
        <test-method status="PASS" signature="initializeSet()[pri:0, instance:TestSimpleSet_ABC_removeB_AC@51efea79]" name="initializeSet" is-config="true" duration-ms="0" started-at="2016-09-16T08:14:01Z" finished-at="2016-09-16T08:14:01Z">
          <reporter-output>
          </reporter-output>
        </test-method> <!-- initializeSet -->
        <test-method status="PASS" signature="initializeSet()[pri:0, instance:TestSimpleSet_ABC_removeB_AC@51efea79]" name="initializeSet" is-config="true" duration-ms="1" started-at="2016-09-16T08:14:01Z" finished-at="2016-09-16T08:14:01Z">
          <reporter-output>
          </reporter-output>
        </test-method> <!-- initializeSet -->
        <test-method status="PASS" signature="testContains_B()[pri:0, instance:TestSimpleSet_ABC_removeB_AC@51efea79]" name="testContains_B" duration-ms="0" started-at="2016-09-16T08:14:01Z" finished-at="2016-09-16T08:14:01Z">
          <reporter-output>
          </reporter-output>
        </test-method> <!-- testContains_B -->
        <test-method status="PASS" signature="testContains_C()[pri:0, instance:TestSimpleSet_ABC_removeB_AC@51efea79]" name="testContains_C" duration-ms="0" started-at="2016-09-16T08:14:01Z" finished-at="2016-09-16T08:14:01Z">
          <reporter-output>
          </reporter-output>
        </test-method> <!-- testContains_C -->
        <test-method status="PASS" signature="testIsEmpty()[pri:0, instance:TestSimpleSet_ABC_removeB_AC@51efea79]" name="testIsEmpty" duration-ms="0" started-at="2016-09-16T08:14:01Z" finished-at="2016-09-16T08:14:01Z">
          <reporter-output>
          </reporter-output>
        </test-method> <!-- testIsEmpty -->
        <test-method status="PASS" signature="initializeSet()[pri:0, instance:TestSimpleSet_ABC_removeB_AC@51efea79]" name="initializeSet" is-config="true" duration-ms="0" started-at="2016-09-16T08:14:01Z" finished-at="2016-09-16T08:14:01Z">
          <reporter-output>
          </reporter-output>
        </test-method> <!-- initializeSet -->
        <test-method status="PASS" signature="testRemove_B()[pri:0, instance:TestSimpleSet_ABC_removeB_AC@51efea79]" name="testRemove_B" duration-ms="0" started-at="2016-09-16T08:14:01Z" finished-at="2016-09-16T08:14:01Z">
          <exception class="java.util.NoSuchElementException">
            <message>
              <![CDATA[ArraySet]]>
            </message>
            <full-stacktrace>
              <![CDATA[java.util.NoSuchElementException: ArraySet
	at ArraySet.remove(ArraySet.java:88)
	at SetTestCase.remove(SetTestCase.java:35)
	at TestSimpleSet_ABC_removeB_AC.testRemove_B(TestSimpleSet_ABC_removeB_AC.java:182)
	at sun.reflect.NativeMethodAccessorImpl.invoke0(Native Method)
	at sun.reflect.NativeMethodAccessorImpl.invoke(NativeMethodAccessorImpl.java:62)
	at sun.reflect.DelegatingMethodAccessorImpl.invoke(DelegatingMethodAccessorImpl.java:43)
	at java.lang.reflect.Method.invoke(Method.java:497)
	at org.testng.internal.MethodInvocationHelper.invokeMethod(MethodInvocationHelper.java:100)
	at org.testng.internal.Invoker.invokeMethod(Invoker.java:646)
	at org.testng.internal.Invoker.invokeTestMethod(Invoker.java:811)
	at org.testng.internal.Invoker.invokeTestMethods(Invoker.java:1129)
	at org.testng.internal.TestMethodWorker.invokeTestMethods(TestMethodWorker.java:129)
	at org.testng.internal.TestMethodWorker.run(TestMethodWorker.java:112)
	at org.testng.TestRunner.privateRun(TestRunner.java:746)
	at org.testng.TestRunner.run(TestRunner.java:600)
	at org.testng.SuiteRunner.runTest(SuiteRunner.java:366)
	at org.testng.SuiteRunner.runSequentially(SuiteRunner.java:361)
	at org.testng.SuiteRunner.privateRun(SuiteRunner.java:319)
	at org.testng.SuiteRunner.run(SuiteRunner.java:268)
	at org.testng.SuiteRunnerWorker.runSuite(SuiteRunnerWorker.java:52)
	at org.testng.SuiteRunnerWorker.run(SuiteRunnerWorker.java:86)
	at org.testng.TestNG.runSuitesSequentially(TestNG.java:1264)
	at org.testng.TestNG.runSuitesLocally(TestNG.java:1189)
	at org.testng.TestNG.runSuites(TestNG.java:1104)
	at org.testng.TestNG.run(TestNG.java:1076)
	at org.testng.remote.AbstractRemoteTestNG.run(AbstractRemoteTestNG.java:126)
	at org.testng.remote.RemoteTestNG.initAndRun(RemoteTestNG.java:152)
	at org.testng.remote.RemoteTestNG.main(RemoteTestNG.java:57)
]]>
            </full-stacktrace>
          </exception> <!-- java.util.NoSuchElementException -->
          <reporter-output>
          </reporter-output>
        </test-method> <!-- testRemove_B -->
        <test-method status="PASS" signature="testRemove_A()[pri:0, instance:TestSimpleSet_ABC_removeB_AC@51efea79]" name="testRemove_A" duration-ms="0" started-at="2016-09-16T08:14:01Z" finished-at="2016-09-16T08:14:01Z">
          <reporter-output>
          </reporter-output>
        </test-method> <!-- testRemove_A -->
        <test-method status="PASS" signature="initializeSet()[pri:0, instance:TestSimpleSet_ABC_removeB_AC@51efea79]" name="initializeSet" is-config="true" duration-ms="0" started-at="2016-09-16T08:14:01Z" finished-at="2016-09-16T08:14:01Z">
          <reporter-output>
          </reporter-output>
        </test-method> <!-- initializeSet -->
        <test-method status="PASS" signature="initializeSet()[pri:0, instance:TestSimpleSet_ABC_removeB_AC@51efea79]" name="initializeSet" is-config="true" duration-ms="0" started-at="2016-09-16T08:14:01Z" finished-at="2016-09-16T08:14:01Z">
          <reporter-output>
          </reporter-output>
        </test-method> <!-- initializeSet -->
        <test-method status="PASS" signature="initializeSet()[pri:0, instance:TestSimpleSet_ABC_removeB_AC@51efea79]" name="initializeSet" is-config="true" duration-ms="0" started-at="2016-09-16T08:14:01Z" finished-at="2016-09-16T08:14:01Z">
          <reporter-output>
          </reporter-output>
        </test-method> <!-- initializeSet -->
        <test-method status="PASS" signature="initializeSet()[pri:0, instance:TestSimpleSet_ABC_removeB_AC@51efea79]" name="initializeSet" is-config="true" duration-ms="0" started-at="2016-09-16T08:14:01Z" finished-at="2016-09-16T08:14:01Z">
          <reporter-output>
          </reporter-output>
        </test-method> <!-- initializeSet -->
        <test-method status="PASS" signature="testSize()[pri:0, instance:TestSimpleSet_ABC_removeB_AC@51efea79]" name="testSize" duration-ms="1" started-at="2016-09-16T08:14:01Z" finished-at="2016-09-16T08:14:01Z">
          <reporter-output>
          </reporter-output>
        </test-method> <!-- testSize -->
        <test-method status="PASS" signature="testRemove_C()[pri:0, instance:TestSimpleSet_ABC_removeB_AC@51efea79]" name="testRemove_C" duration-ms="0" started-at="2016-09-16T08:14:01Z" finished-at="2016-09-16T08:14:01Z">
          <reporter-output>
          </reporter-output>
        </test-method> <!-- testRemove_C -->
        <test-method status="PASS" signature="testToString()[pri:0, instance:TestSimpleSet_ABC_removeB_AC@51efea79]" name="testToString" duration-ms="0" started-at="2016-09-16T08:14:01Z" finished-at="2016-09-16T08:14:01Z">
          <reporter-output>
          </reporter-output>
        </test-method> <!-- testToString -->
        <test-method status="PASS" signature="initializeSet()[pri:0, instance:TestSimpleSet_ABC_removeB_AC@51efea79]" name="initializeSet" is-config="true" duration-ms="0" started-at="2016-09-16T08:14:01Z" finished-at="2016-09-16T08:14:01Z">
          <reporter-output>
          </reporter-output>
        </test-method> <!-- initializeSet -->
      </class> <!-- TestSimpleSet_ABC_removeB_AC -->
      <class name="TestSimpleSet_A_removeA_Empty">
        <test-method status="PASS" signature="initializeSet()[pri:0, instance:TestSimpleSet_A_removeA_Empty@5d5eef3d]" name="initializeSet" is-config="true" duration-ms="0" started-at="2016-09-16T08:14:01Z" finished-at="2016-09-16T08:14:01Z">
          <reporter-output>
          </reporter-output>
        </test-method> <!-- initializeSet -->
        <test-method status="PASS" signature="testAdd_A()[pri:0, instance:TestSimpleSet_A_removeA_Empty@5d5eef3d]" name="testAdd_A" duration-ms="1" started-at="2016-09-16T08:14:01Z" finished-at="2016-09-16T08:14:01Z">
          <reporter-output>
          </reporter-output>
        </test-method> <!-- testAdd_A -->
        <test-method status="PASS" signature="testContains_A()[pri:0, instance:TestSimpleSet_A_removeA_Empty@5d5eef3d]" name="testContains_A" duration-ms="1" started-at="2016-09-16T08:14:01Z" finished-at="2016-09-16T08:14:01Z">
          <reporter-output>
          </reporter-output>
        </test-method> <!-- testContains_A -->
        <test-method status="PASS" signature="initializeSet()[pri:0, instance:TestSimpleSet_A_removeA_Empty@5d5eef3d]" name="initializeSet" is-config="true" duration-ms="0" started-at="2016-09-16T08:14:01Z" finished-at="2016-09-16T08:14:01Z">
          <reporter-output>
          </reporter-output>
        </test-method> <!-- initializeSet -->
        <test-method status="PASS" signature="testIsEmpty()[pri:0, instance:TestSimpleSet_A_removeA_Empty@5d5eef3d]" name="testIsEmpty" duration-ms="1" started-at="2016-09-16T08:14:01Z" finished-at="2016-09-16T08:14:01Z">
          <reporter-output>
          </reporter-output>
        </test-method> <!-- testIsEmpty -->
        <test-method status="PASS" signature="initializeSet()[pri:0, instance:TestSimpleSet_A_removeA_Empty@5d5eef3d]" name="initializeSet" is-config="true" duration-ms="0" started-at="2016-09-16T08:14:01Z" finished-at="2016-09-16T08:14:01Z">
          <reporter-output>
          </reporter-output>
        </test-method> <!-- initializeSet -->
        <test-method status="PASS" signature="initializeSet()[pri:0, instance:TestSimpleSet_A_removeA_Empty@5d5eef3d]" name="initializeSet" is-config="true" duration-ms="0" started-at="2016-09-16T08:14:01Z" finished-at="2016-09-16T08:14:01Z">
          <reporter-output>
          </reporter-output>
        </test-method> <!-- initializeSet -->
        <test-method status="PASS" signature="testRemove_A()[pri:0, instance:TestSimpleSet_A_removeA_Empty@5d5eef3d]" name="testRemove_A" duration-ms="1" started-at="2016-09-16T08:14:01Z" finished-at="2016-09-16T08:14:01Z">
          <exception class="java.util.NoSuchElementException">
            <message>
              <![CDATA[ArraySet]]>
            </message>
            <full-stacktrace>
              <![CDATA[java.util.NoSuchElementException: ArraySet
	at ArraySet.remove(ArraySet.java:88)
	at SetTestCase.remove(SetTestCase.java:35)
	at TestSimpleSet_A_removeA_Empty.testRemove_A(TestSimpleSet_A_removeA_Empty.java:90)
	at sun.reflect.NativeMethodAccessorImpl.invoke0(Native Method)
	at sun.reflect.NativeMethodAccessorImpl.invoke(NativeMethodAccessorImpl.java:62)
	at sun.reflect.DelegatingMethodAccessorImpl.invoke(DelegatingMethodAccessorImpl.java:43)
	at java.lang.reflect.Method.invoke(Method.java:497)
	at org.testng.internal.MethodInvocationHelper.invokeMethod(MethodInvocationHelper.java:100)
	at org.testng.internal.Invoker.invokeMethod(Invoker.java:646)
	at org.testng.internal.Invoker.invokeTestMethod(Invoker.java:811)
	at org.testng.internal.Invoker.invokeTestMethods(Invoker.java:1129)
	at org.testng.internal.TestMethodWorker.invokeTestMethods(TestMethodWorker.java:129)
	at org.testng.internal.TestMethodWorker.run(TestMethodWorker.java:112)
	at org.testng.TestRunner.privateRun(TestRunner.java:746)
	at org.testng.TestRunner.run(TestRunner.java:600)
	at org.testng.SuiteRunner.runTest(SuiteRunner.java:366)
	at org.testng.SuiteRunner.runSequentially(SuiteRunner.java:361)
	at org.testng.SuiteRunner.privateRun(SuiteRunner.java:319)
	at org.testng.SuiteRunner.run(SuiteRunner.java:268)
	at org.testng.SuiteRunnerWorker.runSuite(SuiteRunnerWorker.java:52)
	at org.testng.SuiteRunnerWorker.run(SuiteRunnerWorker.java:86)
	at org.testng.TestNG.runSuitesSequentially(TestNG.java:1264)
	at org.testng.TestNG.runSuitesLocally(TestNG.java:1189)
	at org.testng.TestNG.runSuites(TestNG.java:1104)
	at org.testng.TestNG.run(TestNG.java:1076)
	at org.testng.remote.AbstractRemoteTestNG.run(AbstractRemoteTestNG.java:126)
	at org.testng.remote.RemoteTestNG.initAndRun(RemoteTestNG.java:152)
	at org.testng.remote.RemoteTestNG.main(RemoteTestNG.java:57)
]]>
            </full-stacktrace>
          </exception> <!-- java.util.NoSuchElementException -->
          <reporter-output>
          </reporter-output>
        </test-method> <!-- testRemove_A -->
        <test-method status="PASS" signature="initializeSet()[pri:0, instance:TestSimpleSet_A_removeA_Empty@5d5eef3d]" name="initializeSet" is-config="true" duration-ms="0" started-at="2016-09-16T08:14:01Z" finished-at="2016-09-16T08:14:01Z">
          <reporter-output>
          </reporter-output>
        </test-method> <!-- initializeSet -->
        <test-method status="PASS" signature="testSize()[pri:0, instance:TestSimpleSet_A_removeA_Empty@5d5eef3d]" name="testSize" duration-ms="0" started-at="2016-09-16T08:14:01Z" finished-at="2016-09-16T08:14:01Z">
          <reporter-output>
          </reporter-output>
        </test-method> <!-- testSize -->
        <test-method status="PASS" signature="testToString()[pri:0, instance:TestSimpleSet_A_removeA_Empty@5d5eef3d]" name="testToString" duration-ms="1" started-at="2016-09-16T08:14:01Z" finished-at="2016-09-16T08:14:01Z">
          <reporter-output>
          </reporter-output>
        </test-method> <!-- testToString -->
        <test-method status="PASS" signature="initializeSet()[pri:0, instance:TestSimpleSet_A_removeA_Empty@5d5eef3d]" name="initializeSet" is-config="true" duration-ms="0" started-at="2016-09-16T08:14:01Z" finished-at="2016-09-16T08:14:01Z">
          <reporter-output>
          </reporter-output>
        </test-method> <!-- initializeSet -->
      </class> <!-- TestSimpleSet_A_removeA_Empty -->
      <class name="TestSimpleSet_A_addA_A">
        <test-method status="PASS" signature="testAdd_A()[pri:0, instance:TestSimpleSet_A_addA_A@56f4468b]" name="testAdd_A" duration-ms="1" started-at="2016-09-16T08:14:01Z" finished-at="2016-09-16T08:14:01Z">
          <reporter-output>
          </reporter-output>
        </test-method> <!-- testAdd_A -->
        <test-method status="PASS" signature="initializeSet()[pri:0, instance:TestSimpleSet_A_addA_A@56f4468b]" name="initializeSet" is-config="true" duration-ms="0" started-at="2016-09-16T08:14:01Z" finished-at="2016-09-16T08:14:01Z">
          <reporter-output>
          </reporter-output>
        </test-method> <!-- initializeSet -->
        <test-method status="PASS" signature="initializeSet()[pri:0, instance:TestSimpleSet_A_addA_A@56f4468b]" name="initializeSet" is-config="true" duration-ms="1" started-at="2016-09-16T08:14:01Z" finished-at="2016-09-16T08:14:01Z">
          <reporter-output>
          </reporter-output>
        </test-method> <!-- initializeSet -->
        <test-method status="PASS" signature="testAdd_B()[pri:0, instance:TestSimpleSet_A_addA_A@56f4468b]" name="testAdd_B" duration-ms="0" started-at="2016-09-16T08:14:01Z" finished-at="2016-09-16T08:14:01Z">
          <reporter-output>
          </reporter-output>
        </test-method> <!-- testAdd_B -->
        <test-method status="PASS" signature="initializeSet()[pri:0, instance:TestSimpleSet_A_addA_A@56f4468b]" name="initializeSet" is-config="true" duration-ms="0" started-at="2016-09-16T08:14:01Z" finished-at="2016-09-16T08:14:01Z">
          <reporter-output>
          </reporter-output>
        </test-method> <!-- initializeSet -->
        <test-method status="PASS" signature="testContains_A()[pri:0, instance:TestSimpleSet_A_addA_A@56f4468b]" name="testContains_A" duration-ms="1" started-at="2016-09-16T08:14:01Z" finished-at="2016-09-16T08:14:01Z">
          <reporter-output>
          </reporter-output>
        </test-method> <!-- testContains_A -->
        <test-method status="PASS" signature="testContains_B()[pri:0, instance:TestSimpleSet_A_addA_A@56f4468b]" name="testContains_B" duration-ms="1" started-at="2016-09-16T08:14:01Z" finished-at="2016-09-16T08:14:01Z">
          <reporter-output>
          </reporter-output>
        </test-method> <!-- testContains_B -->
        <test-method status="PASS" signature="initializeSet()[pri:0, instance:TestSimpleSet_A_addA_A@56f4468b]" name="initializeSet" is-config="true" duration-ms="0" started-at="2016-09-16T08:14:01Z" finished-at="2016-09-16T08:14:01Z">
          <reporter-output>
          </reporter-output>
        </test-method> <!-- initializeSet -->
        <test-method status="PASS" signature="initializeSet()[pri:0, instance:TestSimpleSet_A_addA_A@56f4468b]" name="initializeSet" is-config="true" duration-ms="1" started-at="2016-09-16T08:14:01Z" finished-at="2016-09-16T08:14:01Z">
          <reporter-output>
          </reporter-output>
        </test-method> <!-- initializeSet -->
        <test-method status="PASS" signature="testIsEmpty()[pri:0, instance:TestSimpleSet_A_addA_A@56f4468b]" name="testIsEmpty" duration-ms="0" started-at="2016-09-16T08:14:01Z" finished-at="2016-09-16T08:14:01Z">
          <reporter-output>
          </reporter-output>
        </test-method> <!-- testIsEmpty -->
        <test-method status="PASS" signature="testRemove_A()[pri:0, instance:TestSimpleSet_A_addA_A@56f4468b]" name="testRemove_A" duration-ms="0" started-at="2016-09-16T08:14:01Z" finished-at="2016-09-16T08:14:01Z">
          <reporter-output>
          </reporter-output>
        </test-method> <!-- testRemove_A -->
        <test-method status="PASS" signature="initializeSet()[pri:0, instance:TestSimpleSet_A_addA_A@56f4468b]" name="initializeSet" is-config="true" duration-ms="0" started-at="2016-09-16T08:14:01Z" finished-at="2016-09-16T08:14:01Z">
          <reporter-output>
          </reporter-output>
        </test-method> <!-- initializeSet -->
        <test-method status="PASS" signature="testRemove_B()[pri:0, instance:TestSimpleSet_A_addA_A@56f4468b]" name="testRemove_B" duration-ms="1" started-at="2016-09-16T08:14:01Z" finished-at="2016-09-16T08:14:01Z">
          <exception class="java.util.NoSuchElementException">
            <message>
              <![CDATA[ArraySet]]>
            </message>
            <full-stacktrace>
              <![CDATA[java.util.NoSuchElementException: ArraySet
	at ArraySet.remove(ArraySet.java:88)
	at SetTestCase.remove(SetTestCase.java:35)
	at TestSimpleSet_A_addA_A.testRemove_B(TestSimpleSet_A_addA_A.java:119)
	at sun.reflect.NativeMethodAccessorImpl.invoke0(Native Method)
	at sun.reflect.NativeMethodAccessorImpl.invoke(NativeMethodAccessorImpl.java:62)
	at sun.reflect.DelegatingMethodAccessorImpl.invoke(DelegatingMethodAccessorImpl.java:43)
	at java.lang.reflect.Method.invoke(Method.java:497)
	at org.testng.internal.MethodInvocationHelper.invokeMethod(MethodInvocationHelper.java:100)
	at org.testng.internal.Invoker.invokeMethod(Invoker.java:646)
	at org.testng.internal.Invoker.invokeTestMethod(Invoker.java:811)
	at org.testng.internal.Invoker.invokeTestMethods(Invoker.java:1129)
	at org.testng.internal.TestMethodWorker.invokeTestMethods(TestMethodWorker.java:129)
	at org.testng.internal.TestMethodWorker.run(TestMethodWorker.java:112)
	at org.testng.TestRunner.privateRun(TestRunner.java:746)
	at org.testng.TestRunner.run(TestRunner.java:600)
	at org.testng.SuiteRunner.runTest(SuiteRunner.java:366)
	at org.testng.SuiteRunner.runSequentially(SuiteRunner.java:361)
	at org.testng.SuiteRunner.privateRun(SuiteRunner.java:319)
	at org.testng.SuiteRunner.run(SuiteRunner.java:268)
	at org.testng.SuiteRunnerWorker.runSuite(SuiteRunnerWorker.java:52)
	at org.testng.SuiteRunnerWorker.run(SuiteRunnerWorker.java:86)
	at org.testng.TestNG.runSuitesSequentially(TestNG.java:1264)
	at org.testng.TestNG.runSuitesLocally(TestNG.java:1189)
	at org.testng.TestNG.runSuites(TestNG.java:1104)
	at org.testng.TestNG.run(TestNG.java:1076)
	at org.testng.remote.AbstractRemoteTestNG.run(AbstractRemoteTestNG.java:126)
	at org.testng.remote.RemoteTestNG.initAndRun(RemoteTestNG.java:152)
	at org.testng.remote.RemoteTestNG.main(RemoteTestNG.java:57)
]]>
            </full-stacktrace>
          </exception> <!-- java.util.NoSuchElementException -->
          <reporter-output>
          </reporter-output>
        </test-method> <!-- testRemove_B -->
        <test-method status="PASS" signature="initializeSet()[pri:0, instance:TestSimpleSet_A_addA_A@56f4468b]" name="initializeSet" is-config="true" duration-ms="0" started-at="2016-09-16T08:14:01Z" finished-at="2016-09-16T08:14:01Z">
          <reporter-output>
          </reporter-output>
        </test-method> <!-- initializeSet -->
        <test-method status="PASS" signature="initializeSet()[pri:0, instance:TestSimpleSet_A_addA_A@56f4468b]" name="initializeSet" is-config="true" duration-ms="0" started-at="2016-09-16T08:14:01Z" finished-at="2016-09-16T08:14:01Z">
          <reporter-output>
          </reporter-output>
        </test-method> <!-- initializeSet -->
        <test-method status="PASS" signature="testSize()[pri:0, instance:TestSimpleSet_A_addA_A@56f4468b]" name="testSize" duration-ms="0" started-at="2016-09-16T08:14:01Z" finished-at="2016-09-16T08:14:01Z">
          <reporter-output>
          </reporter-output>
        </test-method> <!-- testSize -->
        <test-method status="PASS" signature="testToString()[pri:0, instance:TestSimpleSet_A_addA_A@56f4468b]" name="testToString" duration-ms="1" started-at="2016-09-16T08:14:01Z" finished-at="2016-09-16T08:14:01Z">
          <reporter-output>
          </reporter-output>
        </test-method> <!-- testToString -->
        <test-method status="PASS" signature="initializeSet()[pri:0, instance:TestSimpleSet_A_addA_A@56f4468b]" name="initializeSet" is-config="true" duration-ms="0" started-at="2016-09-16T08:14:01Z" finished-at="2016-09-16T08:14:01Z">
          <reporter-output>
          </reporter-output>
        </test-method> <!-- initializeSet -->
      </class> <!-- TestSimpleSet_A_addA_A -->
      <class name="TestSimpleSet_NewEmptySet">
        <test-method status="PASS" signature="initializeSet()[pri:0, instance:TestSimpleSet_NewEmptySet@5dfcfece]" name="initializeSet" is-config="true" duration-ms="4" started-at="2016-09-16T08:14:01Z" finished-at="2016-09-16T08:14:01Z">
          <reporter-output>
          </reporter-output>
        </test-method> <!-- initializeSet -->
        <test-method status="PASS" signature="testAdd_A()[pri:0, instance:TestSimpleSet_NewEmptySet@5dfcfece]" name="testAdd_A" duration-ms="5" started-at="2016-09-16T08:14:01Z" finished-at="2016-09-16T08:14:01Z">
          <reporter-output>
          </reporter-output>
        </test-method> <!-- testAdd_A -->
        <test-method status="PASS" signature="testContains_A()[pri:0, instance:TestSimpleSet_NewEmptySet@5dfcfece]" name="testContains_A" duration-ms="2" started-at="2016-09-16T08:14:01Z" finished-at="2016-09-16T08:14:01Z">
          <reporter-output>
          </reporter-output>
        </test-method> <!-- testContains_A -->
        <test-method status="PASS" signature="initializeSet()[pri:0, instance:TestSimpleSet_NewEmptySet@5dfcfece]" name="initializeSet" is-config="true" duration-ms="0" started-at="2016-09-16T08:14:01Z" finished-at="2016-09-16T08:14:01Z">
          <reporter-output>
          </reporter-output>
        </test-method> <!-- initializeSet -->
        <test-method status="PASS" signature="initializeSet()[pri:0, instance:TestSimpleSet_NewEmptySet@5dfcfece]" name="initializeSet" is-config="true" duration-ms="0" started-at="2016-09-16T08:14:01Z" finished-at="2016-09-16T08:14:01Z">
          <reporter-output>
          </reporter-output>
        </test-method> <!-- initializeSet -->
        <test-method status="PASS" signature="testIsEmpty()[pri:0, instance:TestSimpleSet_NewEmptySet@5dfcfece]" name="testIsEmpty" duration-ms="1" started-at="2016-09-16T08:14:01Z" finished-at="2016-09-16T08:14:01Z">
          <reporter-output>
          </reporter-output>
        </test-method> <!-- testIsEmpty -->
        <test-method status="PASS" signature="testRemove_A()[pri:0, instance:TestSimpleSet_NewEmptySet@5dfcfece]" name="testRemove_A" duration-ms="1" started-at="2016-09-16T08:14:01Z" finished-at="2016-09-16T08:14:01Z">
          <exception class="java.util.NoSuchElementException">
            <message>
              <![CDATA[ArraySet]]>
            </message>
            <full-stacktrace>
              <![CDATA[java.util.NoSuchElementException: ArraySet
	at ArraySet.remove(ArraySet.java:88)
	at SetTestCase.remove(SetTestCase.java:35)
	at TestSimpleSet_NewEmptySet.testRemove_A(TestSimpleSet_NewEmptySet.java:87)
	at sun.reflect.NativeMethodAccessorImpl.invoke0(Native Method)
	at sun.reflect.NativeMethodAccessorImpl.invoke(NativeMethodAccessorImpl.java:62)
	at sun.reflect.DelegatingMethodAccessorImpl.invoke(DelegatingMethodAccessorImpl.java:43)
	at java.lang.reflect.Method.invoke(Method.java:497)
	at org.testng.internal.MethodInvocationHelper.invokeMethod(MethodInvocationHelper.java:100)
	at org.testng.internal.Invoker.invokeMethod(Invoker.java:646)
	at org.testng.internal.Invoker.invokeTestMethod(Invoker.java:811)
	at org.testng.internal.Invoker.invokeTestMethods(Invoker.java:1129)
	at org.testng.internal.TestMethodWorker.invokeTestMethods(TestMethodWorker.java:129)
	at org.testng.internal.TestMethodWorker.run(TestMethodWorker.java:112)
	at org.testng.TestRunner.privateRun(TestRunner.java:746)
	at org.testng.TestRunner.run(TestRunner.java:600)
	at org.testng.SuiteRunner.runTest(SuiteRunner.java:366)
	at org.testng.SuiteRunner.runSequentially(SuiteRunner.java:361)
	at org.testng.SuiteRunner.privateRun(SuiteRunner.java:319)
	at org.testng.SuiteRunner.run(SuiteRunner.java:268)
	at org.testng.SuiteRunnerWorker.runSuite(SuiteRunnerWorker.java:52)
	at org.testng.SuiteRunnerWorker.run(SuiteRunnerWorker.java:86)
	at org.testng.TestNG.runSuitesSequentially(TestNG.java:1264)
	at org.testng.TestNG.runSuitesLocally(TestNG.java:1189)
	at org.testng.TestNG.runSuites(TestNG.java:1104)
	at org.testng.TestNG.run(TestNG.java:1076)
	at org.testng.remote.AbstractRemoteTestNG.run(AbstractRemoteTestNG.java:126)
	at org.testng.remote.RemoteTestNG.initAndRun(RemoteTestNG.java:152)
	at org.testng.remote.RemoteTestNG.main(RemoteTestNG.java:57)
]]>
            </full-stacktrace>
          </exception> <!-- java.util.NoSuchElementException -->
          <reporter-output>
          </reporter-output>
        </test-method> <!-- testRemove_A -->
        <test-method status="PASS" signature="initializeSet()[pri:0, instance:TestSimpleSet_NewEmptySet@5dfcfece]" name="initializeSet" is-config="true" duration-ms="0" started-at="2016-09-16T08:14:01Z" finished-at="2016-09-16T08:14:01Z">
          <reporter-output>
          </reporter-output>
        </test-method> <!-- initializeSet -->
        <test-method status="PASS" signature="testSize()[pri:0, instance:TestSimpleSet_NewEmptySet@5dfcfece]" name="testSize" duration-ms="0" started-at="2016-09-16T08:14:01Z" finished-at="2016-09-16T08:14:01Z">
          <reporter-output>
          </reporter-output>
        </test-method> <!-- testSize -->
        <test-method status="PASS" signature="initializeSet()[pri:0, instance:TestSimpleSet_NewEmptySet@5dfcfece]" name="initializeSet" is-config="true" duration-ms="0" started-at="2016-09-16T08:14:01Z" finished-at="2016-09-16T08:14:01Z">
          <reporter-output>
          </reporter-output>
        </test-method> <!-- initializeSet -->
        <test-method status="PASS" signature="testToString()[pri:0, instance:TestSimpleSet_NewEmptySet@5dfcfece]" name="testToString" duration-ms="1" started-at="2016-09-16T08:14:01Z" finished-at="2016-09-16T08:14:01Z">
          <reporter-output>
          </reporter-output>
        </test-method> <!-- testToString -->
[...]
          <reporter-output>
          </reporter-output>
        </test-method> <!-- testAdd_D -->
        <test-method status="PASS" signature="testContains_A()[pri:0, instance:TestSimpleSet_AB_addC_ABC@36d4b5c]" name="testContains_A" duration-ms="0" started-at="2016-09-16T08:14:01Z" finished-at="2016-09-16T08:14:01Z">
          <reporter-output>
          </reporter-output>
        </test-method> <!-- testContains_A -->
        <test-method status="PASS" signature="initializeSet()[pri:0, instance:TestSimpleSet_AB_addC_ABC@36d4b5c]" name="initializeSet" is-config="true" duration-ms="0" started-at="2016-09-16T08:14:01Z" finished-at="2016-09-16T08:14:01Z">
          <reporter-output>
          </reporter-output>
        </test-method> <!-- initializeSet -->
        <test-method status="PASS" signature="testContains_C()[pri:0, instance:TestSimpleSet_AB_addC_ABC@36d4b5c]" name="testContains_C" duration-ms="1" started-at="2016-09-16T08:14:01Z" finished-at="2016-09-16T08:14:01Z">
          <reporter-output>
          </reporter-output>
        </test-method> <!-- testContains_C -->
        <test-method status="PASS" signature="testContains_B()[pri:0, instance:TestSimpleSet_AB_addC_ABC@36d4b5c]" name="testContains_B" duration-ms="0" started-at="2016-09-16T08:14:01Z" finished-at="2016-09-16T08:14:01Z">
          <reporter-output>
          </reporter-output>
        </test-method> <!-- testContains_B -->
        <test-method status="PASS" signature="initializeSet()[pri:0, instance:TestSimpleSet_AB_addC_ABC@36d4b5c]" name="initializeSet" is-config="true" duration-ms="0" started-at="2016-09-16T08:14:01Z" finished-at="2016-09-16T08:14:01Z">
          <reporter-output>
          </reporter-output>
        </test-method> <!-- initializeSet -->
        <test-method status="PASS" signature="initializeSet()[pri:0, instance:TestSimpleSet_AB_addC_ABC@36d4b5c]" name="initializeSet" is-config="true" duration-ms="0" started-at="2016-09-16T08:14:01Z" finished-at="2016-09-16T08:14:01Z">
          <reporter-output>
          </reporter-output>
        </test-method> <!-- initializeSet -->
        <test-method status="PASS" signature="testContains_D()[pri:0, instance:TestSimpleSet_AB_addC_ABC@36d4b5c]" name="testContains_D" duration-ms="1" started-at="2016-09-16T08:14:01Z" finished-at="2016-09-16T08:14:01Z">
          <reporter-output>
          </reporter-output>
        </test-method> <!-- testContains_D -->
        <test-method status="PASS" signature="initializeSet()[pri:0, instance:TestSimpleSet_AB_addC_ABC@36d4b5c]" name="initializeSet" is-config="true" duration-ms="0" started-at="2016-09-16T08:14:01Z" finished-at="2016-09-16T08:14:01Z">
          <reporter-output>
          </reporter-output>
        </test-method> <!-- initializeSet -->
        <test-method status="PASS" signature="initializeSet()[pri:0, instance:TestSimpleSet_AB_addC_ABC@36d4b5c]" name="initializeSet" is-config="true" duration-ms="0" started-at="2016-09-16T08:14:01Z" finished-at="2016-09-16T08:14:01Z">
          <reporter-output>
          </reporter-output>
        </test-method> <!-- initializeSet -->
        <test-method status="PASS" signature="testIsEmpty()[pri:0, instance:TestSimpleSet_AB_addC_ABC@36d4b5c]" name="testIsEmpty" duration-ms="1" started-at="2016-09-16T08:14:01Z" finished-at="2016-09-16T08:14:01Z">
          <reporter-output>
          </reporter-output>
        </test-method> <!-- testIsEmpty -->
        <test-method status="PASS" signature="initializeSet()[pri:0, instance:TestSimpleSet_AB_addC_ABC@36d4b5c]" name="initializeSet" is-config="true" duration-ms="0" started-at="2016-09-16T08:14:01Z" finished-at="2016-09-16T08:14:01Z">
          <reporter-output>
          </reporter-output>
        </test-method> <!-- initializeSet -->
        <test-method status="PASS" signature="testRemove_A()[pri:0, instance:TestSimpleSet_AB_addC_ABC@36d4b5c]" name="testRemove_A" duration-ms="1" started-at="2016-09-16T08:14:01Z" finished-at="2016-09-16T08:14:01Z">
          <reporter-output>
          </reporter-output>
        </test-method> <!-- testRemove_A -->
        <test-method status="PASS" signature="initializeSet()[pri:0, instance:TestSimpleSet_AB_addC_ABC@36d4b5c]" name="initializeSet" is-config="true" duration-ms="0" started-at="2016-09-16T08:14:01Z" finished-at="2016-09-16T08:14:01Z">
          <reporter-output>
          </reporter-output>
        </test-method> <!-- initializeSet -->
        <test-method status="PASS" signature="testRemove_B()[pri:0, instance:TestSimpleSet_AB_addC_ABC@36d4b5c]" name="testRemove_B" duration-ms="1" started-at="2016-09-16T08:14:01Z" finished-at="2016-09-16T08:14:01Z">
          <reporter-output>
          </reporter-output>
        </test-method> <!-- testRemove_B -->
        <test-method status="PASS" signature="testRemove_C()[pri:0, instance:TestSimpleSet_AB_addC_ABC@36d4b5c]" name="testRemove_C" duration-ms="1" started-at="2016-09-16T08:14:01Z" finished-at="2016-09-16T08:14:01Z">
          <reporter-output>
          </reporter-output>
        </test-method> <!-- testRemove_C -->
        <test-method status="PASS" signature="initializeSet()[pri:0, instance:TestSimpleSet_AB_addC_ABC@36d4b5c]" name="initializeSet" is-config="true" duration-ms="0" started-at="2016-09-16T08:14:01Z" finished-at="2016-09-16T08:14:01Z">
          <reporter-output>
          </reporter-output>
        </test-method> <!-- initializeSet -->
        <test-method status="PASS" signature="testRemove_D()[pri:0, instance:TestSimpleSet_AB_addC_ABC@36d4b5c]" name="testRemove_D" duration-ms="0" started-at="2016-09-16T08:14:01Z" finished-at="2016-09-16T08:14:01Z">
          <exception class="java.util.NoSuchElementException">
            <message>
              <![CDATA[ArraySet]]>
            </message>
            <full-stacktrace>
              <![CDATA[java.util.NoSuchElementException: ArraySet
	at ArraySet.remove(ArraySet.java:88)
	at SetTestCase.remove(SetTestCase.java:35)
	at TestSimpleSet_AB_addC_ABC.testRemove_D(TestSimpleSet_AB_addC_ABC.java:211)
	at sun.reflect.NativeMethodAccessorImpl.invoke0(Native Method)
	at sun.reflect.NativeMethodAccessorImpl.invoke(NativeMethodAccessorImpl.java:62)
	at sun.reflect.DelegatingMethodAccessorImpl.invoke(DelegatingMethodAccessorImpl.java:43)
	at java.lang.reflect.Method.invoke(Method.java:497)
	at org.testng.internal.MethodInvocationHelper.invokeMethod(MethodInvocationHelper.java:100)
	at org.testng.internal.Invoker.invokeMethod(Invoker.java:646)
	at org.testng.internal.Invoker.invokeTestMethod(Invoker.java:811)
	at org.testng.internal.Invoker.invokeTestMethods(Invoker.java:1129)
	at org.testng.internal.TestMethodWorker.invokeTestMethods(TestMethodWorker.java:129)
	at org.testng.internal.TestMethodWorker.run(TestMethodWorker.java:112)
	at org.testng.TestRunner.privateRun(TestRunner.java:746)
	at org.testng.TestRunner.run(TestRunner.java:600)
	at org.testng.SuiteRunner.runTest(SuiteRunner.java:366)
	at org.testng.SuiteRunner.runSequentially(SuiteRunner.java:361)
	at org.testng.SuiteRunner.privateRun(SuiteRunner.java:319)
	at org.testng.SuiteRunner.run(SuiteRunner.java:268)
	at org.testng.SuiteRunnerWorker.runSuite(SuiteRunnerWorker.java:52)
	at org.testng.SuiteRunnerWorker.run(SuiteRunnerWorker.java:86)
	at org.testng.TestNG.runSuitesSequentially(TestNG.java:1264)
	at org.testng.TestNG.runSuitesLocally(TestNG.java:1189)
	at org.testng.TestNG.runSuites(TestNG.java:1104)
	at org.testng.TestNG.run(TestNG.java:1076)
	at org.testng.remote.AbstractRemoteTestNG.run(AbstractRemoteTestNG.java:126)
	at org.testng.remote.RemoteTestNG.initAndRun(RemoteTestNG.java:152)
	at org.testng.remote.RemoteTestNG.main(RemoteTestNG.java:57)
]]>
            </full-stacktrace>
          </exception> <!-- java.util.NoSuchElementException -->
          <reporter-output>
          </reporter-output>
        </test-method> <!-- testRemove_D -->
        <test-method status="PASS" signature="initializeSet()[pri:0, instance:TestSimpleSet_AB_addC_ABC@36d4b5c]" name="initializeSet" is-config="true" duration-ms="0" started-at="2016-09-16T08:14:01Z" finished-at="2016-09-16T08:14:01Z">
          <reporter-output>
          </reporter-output>
        </test-method> <!-- initializeSet -->
        <test-method status="PASS" signature="initializeSet()[pri:0, instance:TestSimpleSet_AB_addC_ABC@36d4b5c]" name="initializeSet" is-config="true" duration-ms="1" started-at="2016-09-16T08:14:01Z" finished-at="2016-09-16T08:14:01Z">
          <reporter-output>
          </reporter-output>
        </test-method> <!-- initializeSet -->
        <test-method status="PASS" signature="initializeSet()[pri:0, instance:TestSimpleSet_AB_addC_ABC@36d4b5c]" name="initializeSet" is-config="true" duration-ms="0" started-at="2016-09-16T08:14:01Z" finished-at="2016-09-16T08:14:01Z">
          <reporter-output>
          </reporter-output>
        </test-method> <!-- initializeSet -->
        <test-method status="PASS" signature="testSize()[pri:0, instance:TestSimpleSet_AB_addC_ABC@36d4b5c]" name="testSize" duration-ms="0" started-at="2016-09-16T08:14:01Z" finished-at="2016-09-16T08:14:01Z">
          <reporter-output>
          </reporter-output>
        </test-method> <!-- testSize -->
        <test-method status="PASS" signature="testToString()[pri:0, instance:TestSimpleSet_AB_addC_ABC@36d4b5c]" name="testToString" duration-ms="1" started-at="2016-09-16T08:14:01Z" finished-at="2016-09-16T08:14:01Z">
          <reporter-output>
          </reporter-output>
        </test-method> <!-- testToString -->
      </class> <!-- TestSimpleSet_AB_addC_ABC -->
      <class name="TestSimpleSet_ABC_removeC_AB">
        <test-method status="PASS" signature="initializeSet()[pri:0, instance:TestSimpleSet_ABC_removeC_AB@5034c75a]" name="initializeSet" is-config="true" duration-ms="0" started-at="2016-09-16T08:14:01Z" finished-at="2016-09-16T08:14:01Z">
          <reporter-output>
          </reporter-output>
        </test-method> <!-- initializeSet -->
        <test-method status="PASS" signature="testAdd_A()[pri:0, instance:TestSimpleSet_ABC_removeC_AB@5034c75a]" name="testAdd_A" duration-ms="0" started-at="2016-09-16T08:14:01Z" finished-at="2016-09-16T08:14:01Z">
          <reporter-output>
          </reporter-output>
        </test-method> <!-- testAdd_A -->
        <test-method status="PASS" signature="testAdd_B()[pri:0, instance:TestSimpleSet_ABC_removeC_AB@5034c75a]" name="testAdd_B" duration-ms="0" started-at="2016-09-16T08:14:01Z" finished-at="2016-09-16T08:14:01Z">
          <reporter-output>
          </reporter-output>
        </test-method> <!-- testAdd_B -->
        <test-method status="PASS" signature="initializeSet()[pri:0, instance:TestSimpleSet_ABC_removeC_AB@5034c75a]" name="initializeSet" is-config="true" duration-ms="0" started-at="2016-09-16T08:14:01Z" finished-at="2016-09-16T08:14:01Z">
          <reporter-output>
          </reporter-output>
        </test-method> <!-- initializeSet -->
        <test-method status="PASS" signature="initializeSet()[pri:0, instance:TestSimpleSet_ABC_removeC_AB@5034c75a]" name="initializeSet" is-config="true" duration-ms="0" started-at="2016-09-16T08:14:01Z" finished-at="2016-09-16T08:14:01Z">
          <reporter-output>
          </reporter-output>
        </test-method> <!-- initializeSet -->
        <test-method status="PASS" signature="testAdd_C()[pri:0, instance:TestSimpleSet_ABC_removeC_AB@5034c75a]" name="testAdd_C" duration-ms="3" started-at="2016-09-16T08:14:01Z" finished-at="2016-09-16T08:14:01Z">
          <reporter-output>
          </reporter-output>
        </test-method> <!-- testAdd_C -->
        <test-method status="PASS" signature="initializeSet()[pri:0, instance:TestSimpleSet_ABC_removeC_AB@5034c75a]" name="initializeSet" is-config="true" duration-ms="0" started-at="2016-09-16T08:14:01Z" finished-at="2016-09-16T08:14:01Z">
          <reporter-output>
          </reporter-output>
        </test-method> <!-- initializeSet -->
        <test-method status="PASS" signature="testContains_A()[pri:0, instance:TestSimpleSet_ABC_removeC_AB@5034c75a]" name="testContains_A" duration-ms="0" started-at="2016-09-16T08:14:01Z" finished-at="2016-09-16T08:14:01Z">
          <reporter-output>
          </reporter-output>
        </test-method> <!-- testContains_A -->
        <test-method status="PASS" signature="initializeSet()[pri:0, instance:TestSimpleSet_ABC_removeC_AB@5034c75a]" name="initializeSet" is-config="true" duration-ms="1" started-at="2016-09-16T08:14:01Z" finished-at="2016-09-16T08:14:01Z">
          <reporter-output>
          </reporter-output>
        </test-method> <!-- initializeSet -->
        <test-method status="PASS" signature="testContains_B()[pri:0, instance:TestSimpleSet_ABC_removeC_AB@5034c75a]" name="testContains_B" duration-ms="0" started-at="2016-09-16T08:14:01Z" finished-at="2016-09-16T08:14:01Z">
          <reporter-output>
          </reporter-output>
        </test-method> <!-- testContains_B -->
        <test-method status="PASS" signature="initializeSet()[pri:0, instance:TestSimpleSet_ABC_removeC_AB@5034c75a]" name="initializeSet" is-config="true" duration-ms="0" started-at="2016-09-16T08:14:01Z" finished-at="2016-09-16T08:14:01Z">
          <reporter-output>
          </reporter-output>
        </test-method> <!-- initializeSet -->
        <test-method status="PASS" signature="initializeSet()[pri:0, instance:TestSimpleSet_ABC_removeC_AB@5034c75a]" name="initializeSet" is-config="true" duration-ms="0" started-at="2016-09-16T08:14:01Z" finished-at="2016-09-16T08:14:01Z">
          <reporter-output>
          </reporter-output>
        </test-method> <!-- initializeSet -->
        <test-method status="PASS" signature="testIsEmpty()[pri:0, instance:TestSimpleSet_ABC_removeC_AB@5034c75a]" name="testIsEmpty" duration-ms="1" started-at="2016-09-16T08:14:01Z" finished-at="2016-09-16T08:14:01Z">
          <reporter-output>
          </reporter-output>
        </test-method> <!-- testIsEmpty -->
        <test-method status="PASS" signature="testContains_C()[pri:0, instance:TestSimpleSet_ABC_removeC_AB@5034c75a]" name="testContains_C" duration-ms="0" started-at="2016-09-16T08:14:01Z" finished-at="2016-09-16T08:14:01Z">
          <reporter-output>
          </reporter-output>
        </test-method> <!-- testContains_C -->
        <test-method status="PASS" signature="testRemove_B()[pri:0, instance:TestSimpleSet_ABC_removeC_AB@5034c75a]" name="testRemove_B" duration-ms="1" started-at="2016-09-16T08:14:01Z" finished-at="2016-09-16T08:14:01Z">
          <reporter-output>
          </reporter-output>
        </test-method> <!-- testRemove_B -->
        <test-method status="PASS" signature="initializeSet()[pri:0, instance:TestSimpleSet_ABC_removeC_AB@5034c75a]" name="initializeSet" is-config="true" duration-ms="0" started-at="2016-09-16T08:14:01Z" finished-at="2016-09-16T08:14:01Z">
          <reporter-output>
          </reporter-output>
        </test-method> <!-- initializeSet -->
        <test-method status="PASS" signature="initializeSet()[pri:0, instance:TestSimpleSet_ABC_removeC_AB@5034c75a]" name="initializeSet" is-config="true" duration-ms="0" started-at="2016-09-16T08:14:01Z" finished-at="2016-09-16T08:14:01Z">
          <reporter-output>
          </reporter-output>
        </test-method> <!-- initializeSet -->
        <test-method status="PASS" signature="testRemove_A()[pri:0, instance:TestSimpleSet_ABC_removeC_AB@5034c75a]" name="testRemove_A" duration-ms="0" started-at="2016-09-16T08:14:01Z" finished-at="2016-09-16T08:14:01Z">
          <reporter-output>
          </reporter-output>
        </test-method> <!-- testRemove_A -->
        <test-method status="PASS" signature="initializeSet()[pri:0, instance:TestSimpleSet_ABC_removeC_AB@5034c75a]" name="initializeSet" is-config="true" duration-ms="0" started-at="2016-09-16T08:14:01Z" finished-at="2016-09-16T08:14:01Z">
          <reporter-output>
          </reporter-output>
        </test-method> <!-- initializeSet -->
        <test-method status="PASS" signature="testRemove_C()[pri:0, instance:TestSimpleSet_ABC_removeC_AB@5034c75a]" name="testRemove_C" duration-ms="1" started-at="2016-09-16T08:14:01Z" finished-at="2016-09-16T08:14:01Z">
          <exception class="java.util.NoSuchElementException">
            <message>
              <![CDATA[ArraySet]]>
            </message>
            <full-stacktrace>
              <![CDATA[java.util.NoSuchElementException: ArraySet
	at ArraySet.remove(ArraySet.java:88)
	at SetTestCase.remove(SetTestCase.java:35)
	at TestSimpleSet_ABC_removeC_AB.testRemove_C(TestSimpleSet_ABC_removeC_AB.java:184)
	at sun.reflect.NativeMethodAccessorImpl.invoke0(Native Method)
	at sun.reflect.NativeMethodAccessorImpl.invoke(NativeMethodAccessorImpl.java:62)
	at sun.reflect.DelegatingMethodAccessorImpl.invoke(DelegatingMethodAccessorImpl.java:43)
	at java.lang.reflect.Method.invoke(Method.java:497)
	at org.testng.internal.MethodInvocationHelper.invokeMethod(MethodInvocationHelper.java:100)
	at org.testng.internal.Invoker.invokeMethod(Invoker.java:646)
	at org.testng.internal.Invoker.invokeTestMethod(Invoker.java:811)
	at org.testng.internal.Invoker.invokeTestMethods(Invoker.java:1129)
	at org.testng.internal.TestMethodWorker.invokeTestMethods(TestMethodWorker.java:129)
	at org.testng.internal.TestMethodWorker.run(TestMethodWorker.java:112)
	at org.testng.TestRunner.privateRun(TestRunner.java:746)
	at org.testng.TestRunner.run(TestRunner.java:600)
	at org.testng.SuiteRunner.runTest(SuiteRunner.java:366)
	at org.testng.SuiteRunner.runSequentially(SuiteRunner.java:361)
	at org.testng.SuiteRunner.privateRun(SuiteRunner.java:319)
	at org.testng.SuiteRunner.run(SuiteRunner.java:268)
	at org.testng.SuiteRunnerWorker.runSuite(SuiteRunnerWorker.java:52)
	at org.testng.SuiteRunnerWorker.run(SuiteRunnerWorker.java:86)
	at org.testng.TestNG.runSuitesSequentially(TestNG.java:1264)
	at org.testng.TestNG.runSuitesLocally(TestNG.java:1189)
	at org.testng.TestNG.runSuites(TestNG.java:1104)
	at org.testng.TestNG.run(TestNG.java:1076)
	at org.testng.remote.AbstractRemoteTestNG.run(AbstractRemoteTestNG.java:126)
	at org.testng.remote.RemoteTestNG.initAndRun(RemoteTestNG.java:152)
	at org.testng.remote.RemoteTestNG.main(RemoteTestNG.java:57)
]]>
            </full-stacktrace>
          </exception> <!-- java.util.NoSuchElementException -->
          <reporter-output>
          </reporter-output>
        </test-method> <!-- testRemove_C -->
        <test-method status="PASS" signature="testSize()[pri:0, instance:TestSimpleSet_ABC_removeC_AB@5034c75a]" name="testSize" duration-ms="1" started-at="2016-09-16T08:14:01Z" finished-at="2016-09-16T08:14:01Z">
          <reporter-output>
          </reporter-output>
        </test-method> <!-- testSize -->
        <test-method status="PASS" signature="initializeSet()[pri:0, instance:TestSimpleSet_ABC_removeC_AB@5034c75a]" name="initializeSet" is-config="true" duration-ms="0" started-at="2016-09-16T08:14:01Z" finished-at="2016-09-16T08:14:01Z">
          <reporter-output>
          </reporter-output>
        </test-method> <!-- initializeSet -->
        <test-method status="PASS" signature="testToString()[pri:0, instance:TestSimpleSet_ABC_removeC_AB@5034c75a]" name="testToString" duration-ms="0" started-at="2016-09-16T08:14:01Z" finished-at="2016-09-16T08:14:01Z">
          <reporter-output>
          </reporter-output>
        </test-method> <!-- testToString -->
        <test-method status="PASS" signature="initializeSet()[pri:0, instance:TestSimpleSet_ABC_removeC_AB@5034c75a]" name="initializeSet" is-config="true" duration-ms="0" started-at="2016-09-16T08:14:01Z" finished-at="2016-09-16T08:14:01Z">
          <reporter-output>
          </reporter-output>
        </test-method> <!-- initializeSet -->
      </class> <!-- TestSimpleSet_ABC_removeC_AB -->
    </test> <!-- ArraySet -->
  </suite> <!-- Simple Set -->
</testng-results>
