<?xml version="1.0" encoding="UTF-8"?>
<!-- Generated by org.testng.reporters.JUnitXMLReporter -->
<testsuite hostname="node48" tests="180" failures="0" timestamp="16 Sep 2016 14:14:01 GMT" time="0.278" errors="0">
  <testcase name="testAdd_A" time="0.005" classname="TestSimpleSet_NewEmptySet"/>
  <testcase name="testContains_A" time="0.002" classname="TestSimpleSet_NewEmptySet"/>
  <testcase name="testIsEmpty" time="0.001" classname="TestSimpleSet_NewEmptySet"/>
  <testcase name="testRemove_A" time="0.001" classname="TestSimpleSet_NewEmptySet"/>
  <testcase name="testSize" time="0.0" classname="TestSimpleSet_NewEmptySet"/>
  <testcase name="testToString" time="0.001" classname="TestSimpleSet_NewEmptySet"/>
  <testcase name="testAdd_A" time="0.001" classname="TestSimpleSet_Empty_addA_A"/>
  <testcase name="testAdd_B" time="0.0" classname="TestSimpleSet_Empty_addA_A"/>
  <testcase name="testContains_A" time="0.001" classname="TestSimpleSet_Empty_addA_A"/>
  <testcase name="testContains_B" time="0.0" classname="TestSimpleSet_Empty_addA_A"/>
  <testcase name="testIsEmpty" time="0.001" classname="TestSimpleSet_Empty_addA_A"/>
  <testcase name="testRemove_A" time="0.0" classname="TestSimpleSet_Empty_addA_A"/>
  <testcase name="testRemove_B" time="0.001" classname="TestSimpleSet_Empty_addA_A"/>
  <testcase name="testSize" time="0.001" classname="TestSimpleSet_Empty_addA_A"/>
  <testcase name="testToString" time="0.0" classname="TestSimpleSet_Empty_addA_A"/>
  <testcase name="testAdd_A" time="0.001" classname="TestSimpleSet_A_removeA_Empty"/>
  <testcase name="testContains_A" time="0.001" classname="TestSimpleSet_A_removeA_Empty"/>
  <testcase name="testIsEmpty" time="0.001" classname="TestSimpleSet_A_removeA_Empty"/>
  <testcase name="testRemove_A" time="0.001" classname="TestSimpleSet_A_removeA_Empty"/>
  <testcase name="testSize" time="0.0" classname="TestSimpleSet_A_removeA_Empty"/>
  <testcase name="testToString" time="0.001" classname="TestSimpleSet_A_removeA_Empty"/>
  <testcase name="testAdd_A" time="0.001" classname="TestSimpleSet_A_addA_A"/>
  <testcase name="testAdd_B" time="0.0" classname="TestSimpleSet_A_addA_A"/>
  <testcase name="testContains_A" time="0.001" classname="TestSimpleSet_A_addA_A"/>
  <testcase name="testContains_B" time="0.001" classname="TestSimpleSet_A_addA_A"/>
  <testcase name="testIsEmpty" time="0.0" classname="TestSimpleSet_A_addA_A"/>
  <testcase name="testRemove_A" time="0.0" classname="TestSimpleSet_A_addA_A"/>
  <testcase name="testRemove_B" time="0.001" classname="TestSimpleSet_A_addA_A"/>
  <testcase name="testSize" time="0.0" classname="TestSimpleSet_A_addA_A"/>
  <testcase name="testToString" time="0.001" classname="TestSimpleSet_A_addA_A"/>
  <testcase name="testAdd_A" time="0.0" classname="TestSimpleSet_A_addB_AB"/>
  <testcase name="testAdd_B" time="0.001" classname="TestSimpleSet_A_addB_AB"/>
  <testcase name="testAdd_C" time="0.001" classname="TestSimpleSet_A_addB_AB"/>
  <testcase name="testContains_A" time="0.001" classname="TestSimpleSet_A_addB_AB"/>
  <testcase name="testContains_B" time="0.001" classname="TestSimpleSet_A_addB_AB"/>
  <testcase name="testContains_C" time="0.001" classname="TestSimpleSet_A_addB_AB"/>
  <testcase name="testIsEmpty" time="0.0" classname="TestSimpleSet_A_addB_AB"/>
  <testcase name="testRemove_A" time="0.001" classname="TestSimpleSet_A_addB_AB"/>
  <testcase name="testRemove_B" time="0.001" classname="TestSimpleSet_A_addB_AB"/>
  <testcase name="testRemove_C" time="0.001" classname="TestSimpleSet_A_addB_AB"/>
  <testcase name="testSize" time="0.0" classname="TestSimpleSet_A_addB_AB"/>
  <testcase name="testToString" time="0.0" classname="TestSimpleSet_A_addB_AB"/>
  <testcase name="testAdd_B" time="0.001" classname="TestSimpleSet_AB_removeA_B"/>
  <testcase name="testAdd_C" time="0.001" classname="TestSimpleSet_AB_removeA_B"/>
  <testcase name="testContains_A" time="0.001" classname="TestSimpleSet_AB_removeA_B"/>
  <testcase name="testContains_B" time="0.0" classname="TestSimpleSet_AB_removeA_B"/>
  <testcase name="testIsEmpty" time="0.0" classname="TestSimpleSet_AB_removeA_B"/>
  <testcase name="testRemove_A" time="0.001" classname="TestSimpleSet_AB_removeA_B"/>
  <testcase name="testRemove_B" time="0.0" classname="TestSimpleSet_AB_removeA_B"/>
  <testcase name="testSize" time="0.001" classname="TestSimpleSet_AB_removeA_B"/>
  <testcase name="testToString" time="0.001" classname="TestSimpleSet_AB_removeA_B"/>
  <testcase name="testAdd_A" time="0.0" classname="TestSimpleSet_AB_removeB_A"/>
  <testcase name="testAdd_B" time="0.0" classname="TestSimpleSet_AB_removeB_A"/>
  <testcase name="testContains_A" time="0.0" classname="TestSimpleSet_AB_removeB_A"/>
  <testcase name="testContains_B" time="0.001" classname="TestSimpleSet_AB_removeB_A"/>
  <testcase name="testIsEmpty" time="0.001" classname="TestSimpleSet_AB_removeB_A"/>
  <testcase name="testRemove_A" time="0.001" classname="TestSimpleSet_AB_removeB_A"/>
  <testcase name="testRemove_B" time="0.001" classname="TestSimpleSet_AB_removeB_A"/>
  <testcase name="testSize" time="0.0" classname="TestSimpleSet_AB_removeB_A"/>
  <testcase name="testToString" time="0.001" classname="TestSimpleSet_AB_removeB_A"/>
  <testcase name="testAdd_A" time="0.001" classname="TestSimpleSet_AB_addA_AB"/>
  <testcase name="testAdd_B" time="0.0" classname="TestSimpleSet_AB_addA_AB"/>
  <testcase name="testAdd_C" time="0.0" classname="TestSimpleSet_AB_addA_AB"/>
  <testcase name="testContains_A" time="0.0" classname="TestSimpleSet_AB_addA_AB"/>
  <testcase name="testContains_B" time="0.0" classname="TestSimpleSet_AB_addA_AB"/>
  <testcase name="testContains_C" time="0.001" classname="TestSimpleSet_AB_addA_AB"/>
  <testcase name="testIsEmpty" time="0.001" classname="TestSimpleSet_AB_addA_AB"/>
  <testcase name="testRemove_A" time="0.001" classname="TestSimpleSet_AB_addA_AB"/>
  <testcase name="testRemove_B" time="0.0" classname="TestSimpleSet_AB_addA_AB"/>
  <testcase name="testRemove_C" time="0.0" classname="TestSimpleSet_AB_addA_AB"/>
  <testcase name="testSize" time="0.001" classname="TestSimpleSet_AB_addA_AB"/>
  <testcase name="testToString" time="0.001" classname="TestSimpleSet_AB_addA_AB"/>
  <testcase name="testAdd_A" time="0.001" classname="TestSimpleSet_AB_addB_AB"/>
  <testcase name="testAdd_B" time="0.001" classname="TestSimpleSet_AB_addB_AB"/>
  <testcase name="testAdd_C" time="0.0" classname="TestSimpleSet_AB_addB_AB"/>
  <testcase name="testContains_A" time="0.0" classname="TestSimpleSet_AB_addB_AB"/>
  <testcase name="testContains_B" time="0.0" classname="TestSimpleSet_AB_addB_AB"/>
  <testcase name="testContains_C" time="0.0" classname="TestSimpleSet_AB_addB_AB"/>
  <testcase name="testIsEmpty" time="0.0" classname="TestSimpleSet_AB_addB_AB"/>
  <testcase name="testRemove_A" time="0.0" classname="TestSimpleSet_AB_addB_AB"/>
  <testcase name="testRemove_B" time="0.0" classname="TestSimpleSet_AB_addB_AB"/>
  <testcase name="testRemove_C" time="0.0" classname="TestSimpleSet_AB_addB_AB"/>
  <testcase name="testSize" time="0.0" classname="TestSimpleSet_AB_addB_AB"/>
  <testcase name="testToString" time="0.001" classname="TestSimpleSet_AB_addB_AB"/>
  <testcase name="testAdd_A" time="0.001" classname="TestSimpleSet_AB_addC_ABC"/>
  <testcase name="testAdd_B" time="0.0" classname="TestSimpleSet_AB_addC_ABC"/>
  <testcase name="testAdd_C" time="0.0" classname="TestSimpleSet_AB_addC_ABC"/>
  <testcase name="testAdd_D" time="0.001" classname="TestSimpleSet_AB_addC_ABC"/>
  <testcase name="testContains_A" time="0.0" classname="TestSimpleSet_AB_addC_ABC"/>
  <testcase name="testContains_B" time="0.0" classname="TestSimpleSet_AB_addC_ABC"/>
  <testcase name="testContains_C" time="0.001" classname="TestSimpleSet_AB_addC_ABC"/>
  <testcase name="testContains_D" time="0.001" classname="TestSimpleSet_AB_addC_ABC"/>
  <testcase name="testIsEmpty" time="0.001" classname="TestSimpleSet_AB_addC_ABC"/>
  <testcase name="testRemove_A" time="0.001" classname="TestSimpleSet_AB_addC_ABC"/>
  <testcase name="testRemove_B" time="0.001" classname="TestSimpleSet_AB_addC_ABC"/>
  <testcase name="testRemove_C" time="0.001" classname="TestSimpleSet_AB_addC_ABC"/>
  <testcase name="testRemove_D" time="0.0" classname="TestSimpleSet_AB_addC_ABC"/>
  <testcase name="testSize" time="0.0" classname="TestSimpleSet_AB_addC_ABC"/>
  <testcase name="testToString" time="0.001" classname="TestSimpleSet_AB_addC_ABC"/>
  <testcase name="testAdd_B" time="0.001" classname="TestSimpleSet_ABC_removeA_BC"/>
  <testcase name="testAdd_C" time="0.001" classname="TestSimpleSet_ABC_removeA_BC"/>
  <testcase name="testAdd_D" time="0.0" classname="TestSimpleSet_ABC_removeA_BC"/>
  <testcase name="testContains_A" time="0.0" classname="TestSimpleSet_ABC_removeA_BC"/>
  <testcase name="testContains_B" time="0.0" classname="TestSimpleSet_ABC_removeA_BC"/>
  <testcase name="testContains_C" time="0.0" classname="TestSimpleSet_ABC_removeA_BC"/>
  <testcase name="testIsEmpty" time="0.001" classname="TestSimpleSet_ABC_removeA_BC"/>
  <testcase name="testRemove_A" time="0.0" classname="TestSimpleSet_ABC_removeA_BC"/>
  <testcase name="testRemove_B" time="0.0" classname="TestSimpleSet_ABC_removeA_BC"/>
  <testcase name="testRemove_C" time="0.0" classname="TestSimpleSet_ABC_removeA_BC"/>
  <testcase name="testSize" time="0.0" classname="TestSimpleSet_ABC_removeA_BC"/>
  <testcase name="testToString" time="0.0" classname="TestSimpleSet_ABC_removeA_BC"/>
  <testcase name="testAdd_A" time="0.001" classname="TestSimpleSet_ABC_removeB_AC"/>
  <testcase name="testAdd_C" time="0.0" classname="TestSimpleSet_ABC_removeB_AC"/>
  <testcase name="testAdd_D" time="0.0" classname="TestSimpleSet_ABC_removeB_AC"/>
  <testcase name="testContains_A" time="0.001" classname="TestSimpleSet_ABC_removeB_AC"/>
  <testcase name="testContains_B" time="0.0" classname="TestSimpleSet_ABC_removeB_AC"/>
  <testcase name="testContains_C" time="0.0" classname="TestSimpleSet_ABC_removeB_AC"/>
  <testcase name="testIsEmpty" time="0.0" classname="TestSimpleSet_ABC_removeB_AC"/>
  <testcase name="testRemove_A" time="0.0" classname="TestSimpleSet_ABC_removeB_AC"/>
  <testcase name="testRemove_B" time="0.0" classname="TestSimpleSet_ABC_removeB_AC"/>
  <testcase name="testRemove_C" time="0.0" classname="TestSimpleSet_ABC_removeB_AC"/>
  <testcase name="testSize" time="0.001" classname="TestSimpleSet_ABC_removeB_AC"/>
  <testcase name="testToString" time="0.0" classname="TestSimpleSet_ABC_removeB_AC"/>
  <testcase name="testAdd_A" time="0.0" classname="TestSimpleSet_ABC_removeC_AB"/>
  <testcase name="testAdd_B" time="0.0" classname="TestSimpleSet_ABC_removeC_AB"/>
  <testcase name="testAdd_C" time="0.003" classname="TestSimpleSet_ABC_removeC_AB"/>
  <testcase name="testContains_A" time="0.0" classname="TestSimpleSet_ABC_removeC_AB"/>
  <testcase name="testContains_B" time="0.0" classname="TestSimpleSet_ABC_removeC_AB"/>
  <testcase name="testContains_C" time="0.0" classname="TestSimpleSet_ABC_removeC_AB"/>
  <testcase name="testIsEmpty" time="0.001" classname="TestSimpleSet_ABC_removeC_AB"/>
  <testcase name="testRemove_A" time="0.0" classname="TestSimpleSet_ABC_removeC_AB"/>
  <testcase name="testRemove_B" time="0.001" classname="TestSimpleSet_ABC_removeC_AB"/>
  <testcase name="testRemove_C" time="0.001" classname="TestSimpleSet_ABC_removeC_AB"/>
  <testcase name="testSize" time="0.001" classname="TestSimpleSet_ABC_removeC_AB"/>
  <testcase name="testToString" time="0.0" classname="TestSimpleSet_ABC_removeC_AB"/>
  <testcase name="testAdd_A" time="0.0" classname="TestSimpleSet_ABC_addA_ABC"/>
  <testcase name="testAdd_B" time="0.001" classname="TestSimpleSet_ABC_addA_ABC"/>
  <testcase name="testAdd_C" time="0.0" classname="TestSimpleSet_ABC_addA_ABC"/>
  <testcase name="testAdd_D" time="0.0" classname="TestSimpleSet_ABC_addA_ABC"/>
  <testcase name="testContains_A" time="0.0" classname="TestSimpleSet_ABC_addA_ABC"/>
  <testcase name="testContains_B" time="0.0" classname="TestSimpleSet_ABC_addA_ABC"/>
  <testcase name="testContains_C" time="0.0" classname="TestSimpleSet_ABC_addA_ABC"/>
  <testcase name="testContains_D" time="0.0" classname="TestSimpleSet_ABC_addA_ABC"/>
  <testcase name="testIsEmpty" time="0.001" classname="TestSimpleSet_ABC_addA_ABC"/>
  <testcase name="testRemove_A" time="0.005" classname="TestSimpleSet_ABC_addA_ABC"/>
  <testcase name="testRemove_B" time="0.0" classname="TestSimpleSet_ABC_addA_ABC"/>
  <testcase name="testRemove_C" time="0.0" classname="TestSimpleSet_ABC_addA_ABC"/>
  <testcase name="testRemove_D" time="0.001" classname="TestSimpleSet_ABC_addA_ABC"/>
  <testcase name="testSize" time="0.0" classname="TestSimpleSet_ABC_addA_ABC"/>
  <testcase name="testToString" time="0.0" classname="TestSimpleSet_ABC_addA_ABC"/>
  <testcase name="testAdd_A" time="0.0" classname="TestSimpleSet_ABC_addB_ABC"/>
  <testcase name="testAdd_B" time="0.001" classname="TestSimpleSet_ABC_addB_ABC"/>
  <testcase name="testAdd_C" time="0.001" classname="TestSimpleSet_ABC_addB_ABC"/>
  <testcase name="testAdd_D" time="0.001" classname="TestSimpleSet_ABC_addB_ABC"/>
  <testcase name="testContains_A" time="0.0" classname="TestSimpleSet_ABC_addB_ABC"/>
  <testcase name="testContains_B" time="0.0" classname="TestSimpleSet_ABC_addB_ABC"/>
  <testcase name="testContains_C" time="0.001" classname="TestSimpleSet_ABC_addB_ABC"/>
  <testcase name="testContains_D" time="0.001" classname="TestSimpleSet_ABC_addB_ABC"/>
  <testcase name="testIsEmpty" time="0.0" classname="TestSimpleSet_ABC_addB_ABC"/>
  <testcase name="testRemove_A" time="0.0" classname="TestSimpleSet_ABC_addB_ABC"/>
  <testcase name="testRemove_B" time="0.001" classname="TestSimpleSet_ABC_addB_ABC"/>
  <testcase name="testRemove_C" time="0.001" classname="TestSimpleSet_ABC_addB_ABC"/>
  <testcase name="testRemove_D" time="0.001" classname="TestSimpleSet_ABC_addB_ABC"/>
  <testcase name="testSize" time="0.0" classname="TestSimpleSet_ABC_addB_ABC"/>
  <testcase name="testToString" time="0.001" classname="TestSimpleSet_ABC_addB_ABC"/>
  <testcase name="testAdd_A" time="0.001" classname="TestSimpleSet_ABC_addC_ABC"/>
  <testcase name="testAdd_B" time="0.001" classname="TestSimpleSet_ABC_addC_ABC"/>
  <testcase name="testAdd_C" time="0.0" classname="TestSimpleSet_ABC_addC_ABC"/>
  <testcase name="testAdd_D" time="0.0" classname="TestSimpleSet_ABC_addC_ABC"/>
  <testcase name="testContains_A" time="0.0" classname="TestSimpleSet_ABC_addC_ABC"/>
  <testcase name="testContains_B" time="0.0" classname="TestSimpleSet_ABC_addC_ABC"/>
  <testcase name="testContains_C" time="0.0" classname="TestSimpleSet_ABC_addC_ABC"/>
  <testcase name="testContains_D" time="0.0" classname="TestSimpleSet_ABC_addC_ABC"/>
  <testcase name="testIsEmpty" time="0.0" classname="TestSimpleSet_ABC_addC_ABC"/>
  <testcase name="testRemove_A" time="0.001" classname="TestSimpleSet_ABC_addC_ABC"/>
  <testcase name="testRemove_B" time="0.001" classname="TestSimpleSet_ABC_addC_ABC"/>
  <testcase name="testRemove_C" time="0.001" classname="TestSimpleSet_ABC_addC_ABC"/>
  <testcase name="testRemove_D" time="0.001" classname="TestSimpleSet_ABC_addC_ABC"/>
  <testcase name="testSize" time="0.0" classname="TestSimpleSet_ABC_addC_ABC"/>
  <testcase name="testToString" time="0.0" classname="TestSimpleSet_ABC_addC_ABC"/>
</testsuite>
